2020-02-26 14:56:53,441 INFO o.a.j.u.JMeterUtils: Setting Locale to es_MX
2020-02-26 14:56:53,454 INFO o.a.j.u.JMeterUtils: Could not find resources for 'es_MX', using 'es'
2020-02-26 14:56:53,455 INFO o.a.j.JMeter: Loading user properties from: user.properties
2020-02-26 14:56:53,455 INFO o.a.j.JMeter: Loading system properties from: system.properties
2020-02-26 14:56:53,456 INFO o.a.j.JMeter: Copyright (c) 1998-2019 The Apache Software Foundation
2020-02-26 14:56:53,456 INFO o.a.j.JMeter: Version 5.2.1
2020-02-26 14:56:53,456 INFO o.a.j.JMeter: java.version=1.8.0_241
2020-02-26 14:56:53,457 INFO o.a.j.JMeter: java.vm.name=Java HotSpot(TM) 64-Bit Server VM
2020-02-26 14:56:53,457 INFO o.a.j.JMeter: os.name=Windows 10
2020-02-26 14:56:53,457 INFO o.a.j.JMeter: os.arch=amd64
2020-02-26 14:56:53,457 INFO o.a.j.JMeter: os.version=10.0
2020-02-26 14:56:53,457 INFO o.a.j.JMeter: file.encoding=Cp1252
2020-02-26 14:56:53,457 INFO o.a.j.JMeter: java.awt.headless=null
2020-02-26 14:56:53,457 INFO o.a.j.JMeter: Max memory     =7618953216
2020-02-26 14:56:53,457 INFO o.a.j.JMeter: Available Processors =8
2020-02-26 14:56:53,462 INFO o.a.j.JMeter: Default Locale=español (México)
2020-02-26 14:56:53,463 INFO o.a.j.JMeter: JMeter  Locale=español (México)
2020-02-26 14:56:53,463 INFO o.a.j.JMeter: JMeterHome=C:\JMETER\Software\apache-jmeter-5.2.1
2020-02-26 14:56:53,463 INFO o.a.j.JMeter: user.dir  =C:\JMETER\Software\apache-jmeter-5.2.1\bin
2020-02-26 14:56:53,463 INFO o.a.j.JMeter: PWD       =C:\JMETER\Software\apache-jmeter-5.2.1\bin
2020-02-26 14:56:53,464 INFO o.a.j.JMeter: IP: 10.30.2.60 Name: EELX01RODRIGOVI FullName: EELX01RODRIGOVI.ad.gob
2020-02-26 14:56:53,626 INFO o.a.j.g.a.LookAndFeelCommand: Installing Darcula LAF
2020-02-26 14:56:53,638 INFO o.a.j.g.a.LookAndFeelCommand: Using look and feel: com.bulenkov.darcula.DarculaLaf [Darcula]
2020-02-26 14:56:53,638 INFO o.a.j.JMeter: Setting LAF to: com.bulenkov.darcula.DarculaLaf
2020-02-26 14:56:53,683 INFO o.a.j.JMeter: Loaded icon properties from org/apache/jmeter/images/icon.properties
2020-02-26 14:56:54,381 INFO o.j.r.JARSourceHTTP: Found cached repo
2020-02-26 14:56:54,535 INFO o.j.r.PluginManager: Plugins Status: [jpgc-graphs-basic=2.0, jpgc-functions=2.1, jpgc-casutg=2.9, jpgc-dummy=0.4, jpgc-ffw=2.0, jpgc-fifo=0.2, jpgc-perfmon=2.1, jpgc-plugins-manager=1.3, jpgc-tst=2.5, jmeter-core=5.2.1, jmeter-ftp=5.2.1, jmeter-http=5.2.1, jmeter-jdbc=5.2.1, jmeter-jms=5.2.1, jmeter-junit=5.2.1, jmeter-java=5.2.1, jmeter-ldap=5.2.1, jmeter-mail=5.2.1, jmeter-mongodb=5.2.1, jmeter-native=5.2.1, jmeter-tcp=5.2.1, jmeter-components=5.2.1, jpgc-standard=2.0]
2020-02-26 14:56:56,102 INFO o.a.j.p.h.s.HTTPSamplerBase: Parser for text/html is org.apache.jmeter.protocol.http.parser.LagartoBasedHtmlParser
2020-02-26 14:56:56,102 INFO o.a.j.p.h.s.HTTPSamplerBase: Parser for application/xhtml+xml is org.apache.jmeter.protocol.http.parser.LagartoBasedHtmlParser
2020-02-26 14:56:56,102 INFO o.a.j.p.h.s.HTTPSamplerBase: Parser for application/xml is org.apache.jmeter.protocol.http.parser.LagartoBasedHtmlParser
2020-02-26 14:56:56,102 INFO o.a.j.p.h.s.HTTPSamplerBase: Parser for text/xml is org.apache.jmeter.protocol.http.parser.LagartoBasedHtmlParser
2020-02-26 14:56:56,103 INFO o.a.j.p.h.s.HTTPSamplerBase: Parser for text/vnd.wap.wml is org.apache.jmeter.protocol.http.parser.RegexpHTMLParser
2020-02-26 14:56:56,103 INFO o.a.j.p.h.s.HTTPSamplerBase: Parser for text/css is org.apache.jmeter.protocol.http.parser.CssParser
2020-02-26 14:56:56,367 INFO o.a.j.e.KeyToolUtils: keytool found at 'keytool'
2020-02-26 14:56:56,367 INFO o.a.j.p.h.p.ProxyControl: HTTP(S) Test Script Recorder SSL Proxy will use keys that support embedded 3rd party resources in file C:\JMETER\Software\apache-jmeter-5.2.1\bin\proxyserver.jks
2020-02-26 14:56:56,481 INFO o.a.j.s.FileServer: Default base='C:\JMETER\Software\apache-jmeter-5.2.1\bin'
2020-02-26 14:56:56,859 INFO o.a.j.s.SampleResult: Note: Sample TimeStamps are START times
2020-02-26 14:56:56,859 INFO o.a.j.s.SampleResult: sampleresult.default.encoding is set to ISO-8859-1
2020-02-26 14:56:56,859 INFO o.a.j.s.SampleResult: sampleresult.useNanoTime=true
2020-02-26 14:56:56,859 INFO o.a.j.s.SampleResult: sampleresult.nanoThreadSleep=5000
2020-02-26 15:10:03,257 INFO o.a.j.u.JMeterUtils: Setting Locale to en
2020-02-26 15:22:32,485 INFO o.a.j.s.FileServer: Set new base='C:\JMETER\Software\apache-jmeter-5.2.1\bin\pruebas'
2020-02-26 15:22:32,594 INFO o.a.j.s.SaveService: Testplan (JMX) version: 2.2. Testlog (JTL) version: 2.2
2020-02-26 15:22:32,596 INFO o.a.j.s.SaveService: Using SaveService properties file encoding UTF-8
2020-02-26 15:22:32,598 INFO o.a.j.s.SaveService: Using SaveService properties version 5.0
2020-02-26 15:22:32,626 INFO o.a.j.e.StandardJMeterEngine: Running the test!
2020-02-26 15:22:32,627 INFO o.a.j.s.SampleEvent: List of sample_variables: []
2020-02-26 15:22:32,627 INFO o.a.j.s.SampleEvent: List of sample_variables: []
2020-02-26 15:22:32,629 INFO o.a.j.e.u.CompoundVariable: Note: Function class names must contain the string: '.functions.'
2020-02-26 15:22:32,630 INFO o.a.j.e.u.CompoundVariable: Note: Function class names must not contain the string: '.gui.'
2020-02-26 15:22:32,871 INFO o.a.j.g.u.JMeterMenuBar: setRunning(true, *local*)
2020-02-26 15:22:33,045 INFO o.a.j.e.StandardJMeterEngine: Starting ThreadGroup: 1 : Usuarios
2020-02-26 15:22:33,045 INFO o.a.j.e.StandardJMeterEngine: Starting 1 threads for group Usuarios.
2020-02-26 15:22:33,045 INFO o.a.j.e.StandardJMeterEngine: Thread will continue on error
2020-02-26 15:22:33,046 INFO o.a.j.t.ThreadGroup: Starting thread group... number=1 threads=1 ramp-up=1 delayedStart=false
2020-02-26 15:22:33,052 INFO o.a.j.t.ThreadGroup: Started thread group number 1
2020-02-26 15:22:33,053 INFO o.a.j.e.StandardJMeterEngine: All thread groups have been started
2020-02-26 15:22:33,054 INFO o.a.j.t.JMeterThread: Thread started: Usuarios 1-1
2020-02-26 15:22:33,065 INFO o.a.j.t.JMeterThread: Thread is done: Usuarios 1-1
2020-02-26 15:22:33,065 INFO o.a.j.t.JMeterThread: Thread finished: Usuarios 1-1
2020-02-26 15:22:33,065 INFO o.a.j.e.StandardJMeterEngine: Notifying test listeners of end of test
2020-02-26 15:22:33,065 INFO o.a.j.g.u.JMeterMenuBar: setRunning(false, *local*)
2020-02-26 15:22:36,775 INFO o.a.j.e.StandardJMeterEngine: Running the test!
2020-02-26 15:22:36,775 INFO o.a.j.s.SampleEvent: List of sample_variables: []
2020-02-26 15:22:36,776 INFO o.a.j.g.u.JMeterMenuBar: setRunning(true, *local*)
2020-02-26 15:22:36,903 INFO o.a.j.e.StandardJMeterEngine: Starting ThreadGroup: 1 : Usuarios
2020-02-26 15:22:36,903 INFO o.a.j.e.StandardJMeterEngine: Starting 1 threads for group Usuarios.
2020-02-26 15:22:36,903 INFO o.a.j.e.StandardJMeterEngine: Thread will continue on error
2020-02-26 15:22:36,903 INFO o.a.j.t.ThreadGroup: Starting thread group... number=1 threads=1 ramp-up=1 delayedStart=false
2020-02-26 15:22:36,904 INFO o.a.j.t.ThreadGroup: Started thread group number 1
2020-02-26 15:22:36,904 INFO o.a.j.e.StandardJMeterEngine: All thread groups have been started
2020-02-26 15:22:36,905 INFO o.a.j.t.JMeterThread: Thread started: Usuarios 1-1
2020-02-26 15:22:36,906 INFO o.a.j.t.JMeterThread: Thread is done: Usuarios 1-1
2020-02-26 15:22:36,906 INFO o.a.j.t.JMeterThread: Thread finished: Usuarios 1-1
2020-02-26 15:22:36,906 INFO o.a.j.e.StandardJMeterEngine: Notifying test listeners of end of test
2020-02-26 15:22:36,907 INFO o.a.j.g.u.JMeterMenuBar: setRunning(false, *local*)
2020-02-26 15:23:02,527 INFO o.a.j.e.StandardJMeterEngine: Running the test!
2020-02-26 15:23:02,527 INFO o.a.j.s.SampleEvent: List of sample_variables: []
2020-02-26 15:23:02,530 INFO o.a.j.g.u.JMeterMenuBar: setRunning(true, *local*)
2020-02-26 15:23:02,746 INFO o.a.j.e.StandardJMeterEngine: Starting ThreadGroup: 1 : Usuarios
2020-02-26 15:23:02,746 INFO o.a.j.e.StandardJMeterEngine: Starting 1 threads for group Usuarios.
2020-02-26 15:23:02,746 INFO o.a.j.e.StandardJMeterEngine: Thread will continue on error
2020-02-26 15:23:02,746 INFO o.a.j.t.ThreadGroup: Starting thread group... number=1 threads=1 ramp-up=1 delayedStart=false
2020-02-26 15:23:02,746 INFO o.a.j.t.ThreadGroup: Started thread group number 1
2020-02-26 15:23:02,747 INFO o.a.j.e.StandardJMeterEngine: All thread groups have been started
2020-02-26 15:23:02,747 INFO o.a.j.t.JMeterThread: Thread started: Usuarios 1-1
2020-02-26 15:23:02,748 INFO o.a.j.t.JMeterThread: Thread is done: Usuarios 1-1
2020-02-26 15:23:02,748 INFO o.a.j.t.JMeterThread: Thread finished: Usuarios 1-1
2020-02-26 15:23:02,748 INFO o.a.j.e.StandardJMeterEngine: Notifying test listeners of end of test
2020-02-26 15:23:02,748 INFO o.a.j.g.u.JMeterMenuBar: setRunning(false, *local*)
2020-02-26 15:23:46,407 INFO o.a.j.e.StandardJMeterEngine: Running the test!
2020-02-26 15:23:46,407 INFO o.a.j.s.SampleEvent: List of sample_variables: []
2020-02-26 15:23:46,408 INFO o.a.j.g.u.JMeterMenuBar: setRunning(true, *local*)
2020-02-26 15:23:46,518 INFO o.a.j.e.StandardJMeterEngine: Starting ThreadGroup: 1 : Usuarios
2020-02-26 15:23:46,518 INFO o.a.j.e.StandardJMeterEngine: Starting 1 threads for group Usuarios.
2020-02-26 15:23:46,518 INFO o.a.j.e.StandardJMeterEngine: Thread will continue on error
2020-02-26 15:23:46,518 INFO o.a.j.t.ThreadGroup: Starting thread group... number=1 threads=1 ramp-up=1 delayedStart=false
2020-02-26 15:23:46,519 INFO o.a.j.t.ThreadGroup: Started thread group number 1
2020-02-26 15:23:46,519 INFO o.a.j.e.StandardJMeterEngine: All thread groups have been started
2020-02-26 15:23:46,519 INFO o.a.j.t.JMeterThread: Thread started: Usuarios 1-1
2020-02-26 15:23:46,520 INFO o.a.j.t.JMeterThread: Thread is done: Usuarios 1-1
2020-02-26 15:23:46,520 INFO o.a.j.t.JMeterThread: Thread finished: Usuarios 1-1
2020-02-26 15:23:46,520 INFO o.a.j.e.StandardJMeterEngine: Notifying test listeners of end of test
2020-02-26 15:23:46,520 INFO o.a.j.g.u.JMeterMenuBar: setRunning(false, *local*)
2020-02-26 15:24:05,183 INFO o.a.j.e.StandardJMeterEngine: Running the test!
2020-02-26 15:24:05,183 INFO o.a.j.s.SampleEvent: List of sample_variables: []
2020-02-26 15:24:05,185 INFO o.a.j.g.u.JMeterMenuBar: setRunning(true, *local*)
2020-02-26 15:24:05,303 INFO o.a.j.e.StandardJMeterEngine: Starting ThreadGroup: 1 : Usuarios
2020-02-26 15:24:05,304 INFO o.a.j.e.StandardJMeterEngine: Starting 1 threads for group Usuarios.
2020-02-26 15:24:05,304 INFO o.a.j.e.StandardJMeterEngine: Thread will continue on error
2020-02-26 15:24:05,304 INFO o.a.j.t.ThreadGroup: Starting thread group... number=1 threads=1 ramp-up=1 delayedStart=false
2020-02-26 15:24:05,304 INFO o.a.j.t.ThreadGroup: Started thread group number 1
2020-02-26 15:24:05,304 INFO o.a.j.e.StandardJMeterEngine: All thread groups have been started
2020-02-26 15:24:05,305 INFO o.a.j.t.JMeterThread: Thread started: Usuarios 1-1
2020-02-26 15:24:05,305 INFO o.a.j.t.JMeterThread: Thread is done: Usuarios 1-1
2020-02-26 15:24:05,306 INFO o.a.j.t.JMeterThread: Thread finished: Usuarios 1-1
2020-02-26 15:24:05,306 INFO o.a.j.e.StandardJMeterEngine: Notifying test listeners of end of test
2020-02-26 15:24:05,306 INFO o.a.j.g.u.JMeterMenuBar: setRunning(false, *local*)
2020-02-26 15:25:24,865 INFO o.a.j.e.StandardJMeterEngine: Running the test!
2020-02-26 15:25:24,865 INFO o.a.j.s.SampleEvent: List of sample_variables: []
2020-02-26 15:25:24,866 INFO o.a.j.g.u.JMeterMenuBar: setRunning(true, *local*)
2020-02-26 15:25:25,013 INFO o.a.j.e.StandardJMeterEngine: Starting ThreadGroup: 1 : Usuarios
2020-02-26 15:25:25,013 INFO o.a.j.e.StandardJMeterEngine: Starting 1 threads for group Usuarios.
2020-02-26 15:25:25,013 INFO o.a.j.e.StandardJMeterEngine: Thread will continue on error
2020-02-26 15:25:25,014 INFO o.a.j.t.ThreadGroup: Starting thread group... number=1 threads=1 ramp-up=1 delayedStart=false
2020-02-26 15:25:25,014 INFO o.a.j.t.ThreadGroup: Started thread group number 1
2020-02-26 15:25:25,014 INFO o.a.j.e.StandardJMeterEngine: All thread groups have been started
2020-02-26 15:25:25,015 INFO o.a.j.t.JMeterThread: Thread started: Usuarios 1-1
2020-02-26 15:25:25,023 INFO o.a.j.p.h.s.HTTPHCAbstractImpl: Local host = EELX01RODRIGOVI
2020-02-26 15:25:25,027 INFO o.a.j.p.h.s.HTTPHC4Impl: HTTP request retry count = 0
2020-02-26 15:25:27,626 INFO o.a.j.g.a.Start: Stopping test
2020-02-26 15:25:27,636 INFO o.a.j.t.JMeterThread: Stopping: Usuarios 1-1
2020-02-26 15:25:27,636 WARN o.a.j.t.JMeterThread: Interrupting: Usuarios 1-1 sampler: HomePage
2020-02-26 15:25:27,638 INFO o.a.j.t.JMeterThread: Thread is done: Usuarios 1-1
2020-02-26 15:25:27,638 INFO o.a.j.t.JMeterThread: Thread finished: Usuarios 1-1
2020-02-26 15:25:27,638 INFO o.a.j.e.StandardJMeterEngine: Notifying test listeners of end of test
2020-02-26 15:25:27,638 INFO o.a.j.g.u.JMeterMenuBar: setRunning(false, *local*)
2020-02-26 15:25:29,957 INFO o.a.j.e.StandardJMeterEngine: Running the test!
2020-02-26 15:25:29,958 INFO o.a.j.s.SampleEvent: List of sample_variables: []
2020-02-26 15:25:29,959 INFO o.a.j.g.u.JMeterMenuBar: setRunning(true, *local*)
2020-02-26 15:25:30,086 INFO o.a.j.e.StandardJMeterEngine: Starting ThreadGroup: 1 : Usuarios
2020-02-26 15:25:30,086 INFO o.a.j.e.StandardJMeterEngine: Starting 1 threads for group Usuarios.
2020-02-26 15:25:30,086 INFO o.a.j.e.StandardJMeterEngine: Thread will continue on error
2020-02-26 15:25:30,087 INFO o.a.j.t.ThreadGroup: Starting thread group... number=1 threads=1 ramp-up=1 delayedStart=false
2020-02-26 15:25:30,088 INFO o.a.j.t.ThreadGroup: Started thread group number 1
2020-02-26 15:25:30,088 INFO o.a.j.e.StandardJMeterEngine: All thread groups have been started
2020-02-26 15:25:30,088 INFO o.a.j.t.JMeterThread: Thread started: Usuarios 1-1
2020-02-26 15:25:32,360 INFO o.a.j.t.JMeterThread: Thread is done: Usuarios 1-1
2020-02-26 15:25:32,360 INFO o.a.j.t.JMeterThread: Thread finished: Usuarios 1-1
2020-02-26 15:25:32,360 INFO o.a.j.e.StandardJMeterEngine: Notifying test listeners of end of test
2020-02-26 15:25:32,360 INFO o.a.j.g.u.JMeterMenuBar: setRunning(false, *local*)
2020-02-26 15:32:50,872 INFO o.a.j.e.StandardJMeterEngine: Running the test!
2020-02-26 15:32:50,872 INFO o.a.j.s.SampleEvent: List of sample_variables: []
2020-02-26 15:32:50,874 INFO o.a.j.g.u.JMeterMenuBar: setRunning(true, *local*)
2020-02-26 15:32:51,028 INFO o.a.j.e.StandardJMeterEngine: Starting ThreadGroup: 1 : Usuarios
2020-02-26 15:32:51,028 INFO o.a.j.e.StandardJMeterEngine: Starting 1 threads for group Usuarios.
2020-02-26 15:32:51,028 INFO o.a.j.e.StandardJMeterEngine: Thread will continue on error
2020-02-26 15:32:51,028 INFO o.a.j.t.ThreadGroup: Starting thread group... number=1 threads=1 ramp-up=1 delayedStart=false
2020-02-26 15:32:51,028 INFO o.a.j.t.ThreadGroup: Started thread group number 1
2020-02-26 15:32:51,028 INFO o.a.j.e.StandardJMeterEngine: All thread groups have been started
2020-02-26 15:32:51,029 INFO o.a.j.t.JMeterThread: Thread started: Usuarios 1-1
2020-02-26 15:32:54,796 INFO o.a.j.t.JMeterThread: Thread is done: Usuarios 1-1
2020-02-26 15:32:54,796 INFO o.a.j.t.JMeterThread: Thread finished: Usuarios 1-1
2020-02-26 15:32:54,796 INFO o.a.j.e.StandardJMeterEngine: Notifying test listeners of end of test
2020-02-26 15:32:54,796 INFO o.a.j.g.u.JMeterMenuBar: setRunning(false, *local*)
2020-02-26 15:32:59,325 INFO o.a.j.e.StandardJMeterEngine: Running the test!
2020-02-26 15:32:59,326 INFO o.a.j.s.SampleEvent: List of sample_variables: []
2020-02-26 15:32:59,327 INFO o.a.j.g.u.JMeterMenuBar: setRunning(true, *local*)
2020-02-26 15:32:59,470 INFO o.a.j.e.StandardJMeterEngine: Starting ThreadGroup: 1 : Usuarios
2020-02-26 15:32:59,470 INFO o.a.j.e.StandardJMeterEngine: Starting 1 threads for group Usuarios.
2020-02-26 15:32:59,470 INFO o.a.j.e.StandardJMeterEngine: Thread will continue on error
2020-02-26 15:32:59,471 INFO o.a.j.t.ThreadGroup: Starting thread group... number=1 threads=1 ramp-up=1 delayedStart=false
2020-02-26 15:32:59,471 INFO o.a.j.t.ThreadGroup: Started thread group number 1
2020-02-26 15:32:59,471 INFO o.a.j.e.StandardJMeterEngine: All thread groups have been started
2020-02-26 15:32:59,472 INFO o.a.j.t.JMeterThread: Thread started: Usuarios 1-1
2020-02-26 15:33:03,075 INFO o.a.j.t.JMeterThread: Thread is done: Usuarios 1-1
2020-02-26 15:33:03,075 INFO o.a.j.t.JMeterThread: Thread finished: Usuarios 1-1
2020-02-26 15:33:03,075 INFO o.a.j.e.StandardJMeterEngine: Notifying test listeners of end of test
2020-02-26 15:33:03,075 INFO o.a.j.g.u.JMeterMenuBar: setRunning(false, *local*)
2020-02-26 15:33:15,014 INFO o.a.j.e.StandardJMeterEngine: Running the test!
2020-02-26 15:33:15,015 INFO o.a.j.s.SampleEvent: List of sample_variables: []
2020-02-26 15:33:15,017 INFO o.a.j.g.u.JMeterMenuBar: setRunning(true, *local*)
2020-02-26 15:33:15,087 INFO o.a.j.e.StandardJMeterEngine: Starting ThreadGroup: 1 : Usuarios
2020-02-26 15:33:15,087 INFO o.a.j.e.StandardJMeterEngine: Starting 50 threads for group Usuarios.
2020-02-26 15:33:15,087 INFO o.a.j.e.StandardJMeterEngine: Thread will continue on error
2020-02-26 15:33:15,087 INFO o.a.j.t.ThreadGroup: Starting thread group... number=1 threads=50 ramp-up=10 delayedStart=false
2020-02-26 15:33:15,088 INFO o.a.j.t.JMeterThread: Thread started: Usuarios 1-1
2020-02-26 15:33:15,097 INFO o.a.j.t.ThreadGroup: Started thread group number 1
2020-02-26 15:33:15,097 INFO o.a.j.e.StandardJMeterEngine: All thread groups have been started
2020-02-26 15:33:15,289 INFO o.a.j.t.JMeterThread: Thread started: Usuarios 1-2
2020-02-26 15:33:15,488 INFO o.a.j.t.JMeterThread: Thread started: Usuarios 1-3
2020-02-26 15:33:15,688 INFO o.a.j.t.JMeterThread: Thread started: Usuarios 1-4
2020-02-26 15:33:15,888 INFO o.a.j.t.JMeterThread: Thread started: Usuarios 1-5
2020-02-26 15:33:16,088 INFO o.a.j.t.JMeterThread: Thread started: Usuarios 1-6
2020-02-26 15:33:16,288 INFO o.a.j.t.JMeterThread: Thread started: Usuarios 1-7
2020-02-26 15:33:16,488 INFO o.a.j.t.JMeterThread: Thread started: Usuarios 1-8
2020-02-26 15:33:16,687 INFO o.a.j.t.JMeterThread: Thread started: Usuarios 1-9
2020-02-26 15:33:16,887 INFO o.a.j.t.JMeterThread: Thread started: Usuarios 1-10
2020-02-26 15:33:17,089 INFO o.a.j.t.JMeterThread: Thread started: Usuarios 1-11
2020-02-26 15:33:17,138 INFO o.a.j.g.a.Start: Stopping test
2020-02-26 15:33:17,144 INFO o.a.j.t.JMeterThread: Stopping: Usuarios 1-32
2020-02-26 15:33:17,144 INFO o.a.j.t.JMeterThread: Stopping: Usuarios 1-26
2020-02-26 15:33:17,145 INFO o.a.j.t.JMeterThread: Stopping: Usuarios 1-42
2020-02-26 15:33:17,145 INFO o.a.j.t.JMeterThread: Thread started: Usuarios 1-32
2020-02-26 15:33:17,145 INFO o.a.j.t.JMeterThread: Stopping: Usuarios 1-7
2020-02-26 15:33:17,145 INFO o.a.j.t.JMeterThread: Thread started: Usuarios 1-26
2020-02-26 15:33:17,145 INFO o.a.j.t.JMeterThread: Thread started: Usuarios 1-42
2020-02-26 15:33:17,145 WARN o.a.j.t.JMeterThread: Interrupting: Usuarios 1-7 sampler: HomePage
2020-02-26 15:33:17,146 INFO o.a.j.t.JMeterThread: Thread finished: Usuarios 1-26
2020-02-26 15:33:17,146 INFO o.a.j.t.JMeterThread: Thread finished: Usuarios 1-32
2020-02-26 15:33:17,146 INFO o.a.j.t.JMeterThread: Thread finished: Usuarios 1-42
2020-02-26 15:33:17,147 INFO o.a.j.t.JMeterThread: Stopping: Usuarios 1-27
2020-02-26 15:33:17,147 INFO o.a.j.t.JMeterThread: Stopping: Usuarios 1-20
2020-02-26 15:33:17,147 INFO o.a.j.t.JMeterThread: Stopping: Usuarios 1-16
2020-02-26 15:33:17,147 INFO o.a.j.t.JMeterThread: Thread started: Usuarios 1-27
2020-02-26 15:33:17,147 INFO o.a.j.t.JMeterThread: Thread finished: Usuarios 1-7
2020-02-26 15:33:17,147 INFO o.a.j.t.JMeterThread: Stopping: Usuarios 1-23
2020-02-26 15:33:17,148 INFO o.a.j.t.JMeterThread: Stopping: Usuarios 1-1
2020-02-26 15:33:17,148 INFO o.a.j.t.JMeterThread: Thread finished: Usuarios 1-27
2020-02-26 15:33:17,148 INFO o.a.j.t.JMeterThread: Thread started: Usuarios 1-23
2020-02-26 15:33:17,148 WARN o.a.j.t.JMeterThread: Interrupting: Usuarios 1-1 sampler: HomePage
2020-02-26 15:33:17,148 INFO o.a.j.t.JMeterThread: Thread started: Usuarios 1-16
2020-02-26 15:33:17,148 INFO o.a.j.t.JMeterThread: Thread started: Usuarios 1-20
2020-02-26 15:33:17,149 INFO o.a.j.t.JMeterThread: Thread finished: Usuarios 1-23
2020-02-26 15:33:17,149 INFO o.a.j.t.JMeterThread: Thread finished: Usuarios 1-16
2020-02-26 15:33:17,150 INFO o.a.j.t.JMeterThread: Stopping: Usuarios 1-38
2020-02-26 15:33:17,150 INFO o.a.j.t.JMeterThread: Thread finished: Usuarios 1-20
2020-02-26 15:33:17,150 INFO o.a.j.t.JMeterThread: Stopping: Usuarios 1-21
2020-02-26 15:33:17,150 INFO o.a.j.t.JMeterThread: Stopping: Usuarios 1-12
2020-02-26 15:33:17,151 INFO o.a.j.t.JMeterThread: Stopping: Usuarios 1-37
2020-02-26 15:33:17,150 INFO o.a.j.t.JMeterThread: Thread started: Usuarios 1-38
2020-02-26 15:33:17,151 INFO o.a.j.t.JMeterThread: Thread started: Usuarios 1-21
2020-02-26 15:33:17,151 INFO o.a.j.t.JMeterThread: Stopping: Usuarios 1-2
2020-02-26 15:33:17,151 INFO o.a.j.t.JMeterThread: Thread started: Usuarios 1-12
2020-02-26 15:33:17,152 INFO o.a.j.t.JMeterThread: Thread finished: Usuarios 1-38
2020-02-26 15:33:17,152 INFO o.a.j.t.JMeterThread: Thread started: Usuarios 1-37
2020-02-26 15:33:17,152 WARN o.a.j.t.JMeterThread: Interrupting: Usuarios 1-2 sampler: HomePage
2020-02-26 15:33:17,152 INFO o.a.j.t.JMeterThread: Thread finished: Usuarios 1-12
2020-02-26 15:33:17,152 INFO o.a.j.t.JMeterThread: Thread finished: Usuarios 1-21
2020-02-26 15:33:17,152 INFO o.a.j.t.JMeterThread: Thread finished: Usuarios 1-1
2020-02-26 15:33:17,154 INFO o.a.j.t.JMeterThread: Stopping: Usuarios 1-35
2020-02-26 15:33:17,154 INFO o.a.j.t.JMeterThread: Thread finished: Usuarios 1-37
2020-02-26 15:33:17,154 INFO o.a.j.t.JMeterThread: Stopping: Usuarios 1-31
2020-02-26 15:33:17,154 INFO o.a.j.t.JMeterThread: Stopping: Usuarios 1-46
2020-02-26 15:33:17,154 INFO o.a.j.t.JMeterThread: Thread started: Usuarios 1-35
2020-02-26 15:33:17,155 INFO o.a.j.t.JMeterThread: Stopping: Usuarios 1-19
2020-02-26 15:33:17,155 INFO o.a.j.t.JMeterThread: Stopping: Usuarios 1-49
2020-02-26 15:33:17,155 INFO o.a.j.t.JMeterThread: Thread started: Usuarios 1-31
2020-02-26 15:33:17,155 INFO o.a.j.t.JMeterThread: Stopping: Usuarios 1-18
2020-02-26 15:33:17,155 INFO o.a.j.t.JMeterThread: Thread finished: Usuarios 1-35
2020-02-26 15:33:17,155 INFO o.a.j.t.JMeterThread: Thread finished: Usuarios 1-2
2020-02-26 15:33:17,155 INFO o.a.j.t.JMeterThread: Stopping: Usuarios 1-22
2020-02-26 15:33:17,155 INFO o.a.j.t.JMeterThread: Thread finished: Usuarios 1-31
2020-02-26 15:33:17,156 INFO o.a.j.t.JMeterThread: Stopping: Usuarios 1-40
2020-02-26 15:33:17,155 INFO o.a.j.t.JMeterThread: Thread started: Usuarios 1-18
2020-02-26 15:33:17,155 INFO o.a.j.t.JMeterThread: Thread started: Usuarios 1-49
2020-02-26 15:33:17,155 INFO o.a.j.t.JMeterThread: Thread started: Usuarios 1-46
2020-02-26 15:33:17,156 INFO o.a.j.t.JMeterThread: Thread started: Usuarios 1-22
2020-02-26 15:33:17,156 INFO o.a.j.t.JMeterThread: Stopping: Usuarios 1-11
2020-02-26 15:33:17,156 WARN o.a.j.t.JMeterThread: Interrupting: Usuarios 1-11 sampler: HomePage
2020-02-26 15:33:17,156 INFO o.a.j.t.JMeterThread: Thread started: Usuarios 1-19
2020-02-26 15:33:17,156 INFO o.a.j.t.JMeterThread: Thread finished: Usuarios 1-18
2020-02-26 15:33:17,156 INFO o.a.j.t.JMeterThread: Thread finished: Usuarios 1-46
2020-02-26 15:33:17,157 INFO o.a.j.t.JMeterThread: Thread finished: Usuarios 1-49
2020-02-26 15:33:17,157 INFO o.a.j.t.JMeterThread: Stopping: Usuarios 1-36
2020-02-26 15:33:17,157 INFO o.a.j.t.JMeterThread: Thread finished: Usuarios 1-19
2020-02-26 15:33:17,156 INFO o.a.j.t.JMeterThread: Thread started: Usuarios 1-40
2020-02-26 15:33:17,157 INFO o.a.j.t.JMeterThread: Stopping: Usuarios 1-44
2020-02-26 15:33:17,157 INFO o.a.j.t.JMeterThread: Thread finished: Usuarios 1-22
2020-02-26 15:33:17,157 INFO o.a.j.t.JMeterThread: Thread finished: Usuarios 1-40
2020-02-26 15:33:17,157 INFO o.a.j.t.JMeterThread: Stopping: Usuarios 1-6
2020-02-26 15:33:17,158 INFO o.a.j.t.JMeterThread: Thread started: Usuarios 1-44
2020-02-26 15:33:17,158 WARN o.a.j.t.JMeterThread: Interrupting: Usuarios 1-6 sampler: HomePage
2020-02-26 15:33:17,158 INFO o.a.j.t.JMeterThread: Thread finished: Usuarios 1-11
2020-02-26 15:33:17,158 INFO o.a.j.t.JMeterThread: Thread started: Usuarios 1-36
2020-02-26 15:33:17,158 INFO o.a.j.t.JMeterThread: Thread finished: Usuarios 1-44
2020-02-26 15:33:17,159 INFO o.a.j.t.JMeterThread: Thread finished: Usuarios 1-36
2020-02-26 15:33:17,159 INFO o.a.j.t.JMeterThread: Stopping: Usuarios 1-3
2020-02-26 15:33:17,159 WARN o.a.j.t.JMeterThread: Interrupting: Usuarios 1-3 sampler: HomePage
2020-02-26 15:33:17,160 INFO o.a.j.t.JMeterThread: Stopping: Usuarios 1-47
2020-02-26 15:33:17,160 INFO o.a.j.t.JMeterThread: Thread finished: Usuarios 1-6
2020-02-26 15:33:17,160 INFO o.a.j.t.JMeterThread: Stopping: Usuarios 1-48
2020-02-26 15:33:17,161 INFO o.a.j.t.JMeterThread: Stopping: Usuarios 1-15
2020-02-26 15:33:17,161 INFO o.a.j.t.JMeterThread: Stopping: Usuarios 1-30
2020-02-26 15:33:17,161 INFO o.a.j.t.JMeterThread: Thread started: Usuarios 1-48
2020-02-26 15:33:17,160 INFO o.a.j.t.JMeterThread: Thread started: Usuarios 1-47
2020-02-26 15:33:17,162 INFO o.a.j.t.JMeterThread: Thread started: Usuarios 1-30
2020-02-26 15:33:17,162 INFO o.a.j.t.JMeterThread: Thread finished: Usuarios 1-48
2020-02-26 15:33:17,162 INFO o.a.j.t.JMeterThread: Thread finished: Usuarios 1-3
2020-02-26 15:33:17,161 INFO o.a.j.t.JMeterThread: Stopping: Usuarios 1-8
2020-02-26 15:33:17,161 INFO o.a.j.t.JMeterThread: Thread started: Usuarios 1-15
2020-02-26 15:33:17,162 INFO o.a.j.t.JMeterThread: Thread finished: Usuarios 1-30
2020-02-26 15:33:17,162 WARN o.a.j.t.JMeterThread: Interrupting: Usuarios 1-8 sampler: HomePage
2020-02-26 15:33:17,162 INFO o.a.j.t.JMeterThread: Thread finished: Usuarios 1-47
2020-02-26 15:33:17,162 INFO o.a.j.t.JMeterThread: Thread finished: Usuarios 1-15
2020-02-26 15:33:17,163 INFO o.a.j.t.JMeterThread: Stopping: Usuarios 1-9
2020-02-26 15:33:17,163 WARN o.a.j.t.JMeterThread: Interrupting: Usuarios 1-9 sampler: HomePage
2020-02-26 15:33:17,164 INFO o.a.j.t.JMeterThread: Thread finished: Usuarios 1-8
2020-02-26 15:33:17,164 INFO o.a.j.t.JMeterThread: Stopping: Usuarios 1-41
2020-02-26 15:33:17,165 INFO o.a.j.t.JMeterThread: Stopping: Usuarios 1-29
2020-02-26 15:33:17,165 INFO o.a.j.t.JMeterThread: Thread finished: Usuarios 1-9
2020-02-26 15:33:17,165 INFO o.a.j.t.JMeterThread: Stopping: Usuarios 1-33
2020-02-26 15:33:17,165 INFO o.a.j.t.JMeterThread: Thread started: Usuarios 1-41
2020-02-26 15:33:17,165 INFO o.a.j.t.JMeterThread: Stopping: Usuarios 1-45
2020-02-26 15:33:17,165 INFO o.a.j.t.JMeterThread: Thread started: Usuarios 1-29
2020-02-26 15:33:17,165 INFO o.a.j.t.JMeterThread: Stopping: Usuarios 1-13
2020-02-26 15:33:17,165 INFO o.a.j.t.JMeterThread: Stopping: Usuarios 1-43
2020-02-26 15:33:17,165 INFO o.a.j.t.JMeterThread: Thread finished: Usuarios 1-41
2020-02-26 15:33:17,166 INFO o.a.j.t.JMeterThread: Stopping: Usuarios 1-14
2020-02-26 15:33:17,166 INFO o.a.j.t.JMeterThread: Thread finished: Usuarios 1-29
2020-02-26 15:33:17,166 INFO o.a.j.t.JMeterThread: Stopping: Usuarios 1-34
2020-02-26 15:33:17,166 INFO o.a.j.t.JMeterThread: Stopping: Usuarios 1-28
2020-02-26 15:33:17,166 INFO o.a.j.t.JMeterThread: Thread started: Usuarios 1-43
2020-02-26 15:33:17,166 INFO o.a.j.t.JMeterThread: Stopping: Usuarios 1-24
2020-02-26 15:33:17,166 INFO o.a.j.t.JMeterThread: Stopping: Usuarios 1-10
2020-02-26 15:33:17,165 INFO o.a.j.t.JMeterThread: Thread started: Usuarios 1-33
2020-02-26 15:33:17,166 WARN o.a.j.t.JMeterThread: Interrupting: Usuarios 1-10 sampler: HomePage
2020-02-26 15:33:17,166 INFO o.a.j.t.JMeterThread: Thread finished: Usuarios 1-43
2020-02-26 15:33:17,166 INFO o.a.j.t.JMeterThread: Thread started: Usuarios 1-24
2020-02-26 15:33:17,166 INFO o.a.j.t.JMeterThread: Thread started: Usuarios 1-28
2020-02-26 15:33:17,166 INFO o.a.j.t.JMeterThread: Thread finished: Usuarios 1-33
2020-02-26 15:33:17,166 INFO o.a.j.t.JMeterThread: Thread finished: Usuarios 1-24
2020-02-26 15:33:17,166 INFO o.a.j.t.JMeterThread: Thread finished: Usuarios 1-28
2020-02-26 15:33:17,166 INFO o.a.j.t.JMeterThread: Thread started: Usuarios 1-13
2020-02-26 15:33:17,167 INFO o.a.j.t.JMeterThread: Stopping: Usuarios 1-5
2020-02-26 15:33:17,166 INFO o.a.j.t.JMeterThread: Thread started: Usuarios 1-45
2020-02-26 15:33:17,167 WARN o.a.j.t.JMeterThread: Interrupting: Usuarios 1-5 sampler: HomePage
2020-02-26 15:33:17,166 INFO o.a.j.t.JMeterThread: Thread started: Usuarios 1-14
2020-02-26 15:33:17,167 INFO o.a.j.t.JMeterThread: Thread finished: Usuarios 1-45
2020-02-26 15:33:17,167 INFO o.a.j.t.JMeterThread: Thread finished: Usuarios 1-14
2020-02-26 15:33:17,167 INFO o.a.j.t.JMeterThread: Thread finished: Usuarios 1-13
2020-02-26 15:33:17,167 INFO o.a.j.t.JMeterThread: Thread finished: Usuarios 1-10
2020-02-26 15:33:17,167 INFO o.a.j.t.JMeterThread: Stopping: Usuarios 1-39
2020-02-26 15:33:17,167 INFO o.a.j.t.JMeterThread: Stopping: Usuarios 1-50
2020-02-26 15:33:17,167 INFO o.a.j.t.JMeterThread: Stopping: Usuarios 1-4
2020-02-26 15:33:17,167 WARN o.a.j.t.JMeterThread: Interrupting: Usuarios 1-4 sampler: HomePage
2020-02-26 15:33:17,167 INFO o.a.j.t.JMeterThread: Thread started: Usuarios 1-39
2020-02-26 15:33:17,169 INFO o.a.j.t.JMeterThread: Thread finished: Usuarios 1-39
2020-02-26 15:33:17,169 INFO o.a.j.t.JMeterThread: Stopping: Usuarios 1-17
2020-02-26 15:33:17,169 INFO o.a.j.t.JMeterThread: Thread finished: Usuarios 1-5
2020-02-26 15:33:17,169 INFO o.a.j.t.JMeterThread: Stopping: Usuarios 1-25
2020-02-26 15:33:17,167 INFO o.a.j.t.JMeterThread: Thread started: Usuarios 1-34
2020-02-26 15:33:17,169 INFO o.a.j.t.JMeterThread: Thread finished: Usuarios 1-34
2020-02-26 15:33:17,169 INFO o.a.j.t.JMeterThread: Thread finished: Usuarios 1-4
2020-02-26 15:33:17,169 INFO o.a.j.t.JMeterThread: Thread started: Usuarios 1-50
2020-02-26 15:33:17,169 INFO o.a.j.t.JMeterThread: Thread started: Usuarios 1-17
2020-02-26 15:33:17,169 INFO o.a.j.t.JMeterThread: Thread started: Usuarios 1-25
2020-02-26 15:33:17,169 INFO o.a.j.t.JMeterThread: Thread finished: Usuarios 1-50
2020-02-26 15:33:17,169 INFO o.a.j.t.JMeterThread: Thread finished: Usuarios 1-17
2020-02-26 15:33:17,169 INFO o.a.j.t.JMeterThread: Thread finished: Usuarios 1-25
2020-02-26 15:33:17,170 INFO o.a.j.e.StandardJMeterEngine: Notifying test listeners of end of test
2020-02-26 15:33:17,170 INFO o.a.j.g.u.JMeterMenuBar: setRunning(false, *local*)
2020-02-26 15:33:20,013 INFO o.a.j.e.StandardJMeterEngine: Running the test!
2020-02-26 15:33:20,014 INFO o.a.j.s.SampleEvent: List of sample_variables: []
2020-02-26 15:33:20,014 INFO o.a.j.g.u.JMeterMenuBar: setRunning(true, *local*)
2020-02-26 15:33:20,103 INFO o.a.j.e.StandardJMeterEngine: Starting ThreadGroup: 1 : Usuarios
2020-02-26 15:33:20,103 INFO o.a.j.e.StandardJMeterEngine: Starting 50 threads for group Usuarios.
2020-02-26 15:33:20,103 INFO o.a.j.e.StandardJMeterEngine: Thread will continue on error
2020-02-26 15:33:20,103 INFO o.a.j.t.ThreadGroup: Starting thread group... number=1 threads=50 ramp-up=10 delayedStart=false
2020-02-26 15:33:20,104 INFO o.a.j.t.JMeterThread: Thread started: Usuarios 1-1
2020-02-26 15:33:20,112 INFO o.a.j.t.ThreadGroup: Started thread group number 1
2020-02-26 15:33:20,112 INFO o.a.j.e.StandardJMeterEngine: All thread groups have been started
2020-02-26 15:33:20,304 INFO o.a.j.t.JMeterThread: Thread started: Usuarios 1-2
2020-02-26 15:33:20,504 INFO o.a.j.t.JMeterThread: Thread started: Usuarios 1-3
2020-02-26 15:33:20,704 INFO o.a.j.t.JMeterThread: Thread started: Usuarios 1-4
2020-02-26 15:33:20,904 INFO o.a.j.t.JMeterThread: Thread started: Usuarios 1-5
2020-02-26 15:33:21,104 INFO o.a.j.t.JMeterThread: Thread started: Usuarios 1-6
2020-02-26 15:33:21,305 INFO o.a.j.t.JMeterThread: Thread started: Usuarios 1-7
2020-02-26 15:33:21,504 INFO o.a.j.t.JMeterThread: Thread started: Usuarios 1-8
2020-02-26 15:33:21,703 INFO o.a.j.t.JMeterThread: Thread started: Usuarios 1-9
2020-02-26 15:33:21,903 INFO o.a.j.t.JMeterThread: Thread started: Usuarios 1-10
2020-02-26 15:33:22,103 INFO o.a.j.t.JMeterThread: Thread started: Usuarios 1-11
2020-02-26 15:33:22,304 INFO o.a.j.t.JMeterThread: Thread started: Usuarios 1-12
2020-02-26 15:33:22,504 INFO o.a.j.t.JMeterThread: Thread started: Usuarios 1-13
2020-02-26 15:33:22,703 INFO o.a.j.t.JMeterThread: Thread started: Usuarios 1-14
2020-02-26 15:33:22,903 INFO o.a.j.t.JMeterThread: Thread started: Usuarios 1-15
2020-02-26 15:33:23,103 INFO o.a.j.t.JMeterThread: Thread started: Usuarios 1-16
2020-02-26 15:33:23,304 INFO o.a.j.t.JMeterThread: Thread started: Usuarios 1-17
2020-02-26 15:33:23,504 INFO o.a.j.t.JMeterThread: Thread started: Usuarios 1-18
2020-02-26 15:33:23,704 INFO o.a.j.t.JMeterThread: Thread started: Usuarios 1-19
2020-02-26 15:33:23,904 INFO o.a.j.t.JMeterThread: Thread started: Usuarios 1-20
2020-02-26 15:33:24,104 INFO o.a.j.t.JMeterThread: Thread started: Usuarios 1-21
2020-02-26 15:33:24,303 INFO o.a.j.t.JMeterThread: Thread started: Usuarios 1-22
2020-02-26 15:33:24,503 INFO o.a.j.t.JMeterThread: Thread started: Usuarios 1-23
2020-02-26 15:33:24,703 INFO o.a.j.t.JMeterThread: Thread started: Usuarios 1-24
2020-02-26 15:33:24,905 INFO o.a.j.t.JMeterThread: Thread started: Usuarios 1-25
2020-02-26 15:33:25,104 INFO o.a.j.t.JMeterThread: Thread started: Usuarios 1-26
2020-02-26 15:33:25,303 INFO o.a.j.t.JMeterThread: Thread started: Usuarios 1-27
2020-02-26 15:33:25,504 INFO o.a.j.t.JMeterThread: Thread started: Usuarios 1-28
2020-02-26 15:33:25,703 INFO o.a.j.t.JMeterThread: Thread started: Usuarios 1-29
2020-02-26 15:33:25,903 INFO o.a.j.t.JMeterThread: Thread started: Usuarios 1-30
2020-02-26 15:33:26,104 INFO o.a.j.t.JMeterThread: Thread started: Usuarios 1-31
2020-02-26 15:33:26,304 INFO o.a.j.t.JMeterThread: Thread started: Usuarios 1-32
2020-02-26 15:33:26,456 INFO o.a.j.t.JMeterThread: Thread is done: Usuarios 1-26
2020-02-26 15:33:26,456 INFO o.a.j.t.JMeterThread: Thread finished: Usuarios 1-26
2020-02-26 15:33:26,504 INFO o.a.j.t.JMeterThread: Thread started: Usuarios 1-33
2020-02-26 15:33:26,704 INFO o.a.j.t.JMeterThread: Thread started: Usuarios 1-34
2020-02-26 15:33:26,903 INFO o.a.j.t.JMeterThread: Thread is done: Usuarios 1-32
2020-02-26 15:33:26,903 INFO o.a.j.t.JMeterThread: Thread finished: Usuarios 1-32
2020-02-26 15:33:26,904 INFO o.a.j.t.JMeterThread: Thread started: Usuarios 1-35
2020-02-26 15:33:27,049 INFO o.a.j.t.JMeterThread: Thread is done: Usuarios 1-28
2020-02-26 15:33:27,050 INFO o.a.j.t.JMeterThread: Thread finished: Usuarios 1-28
2020-02-26 15:33:27,051 INFO o.a.j.t.JMeterThread: Thread is done: Usuarios 1-27
2020-02-26 15:33:27,051 INFO o.a.j.t.JMeterThread: Thread finished: Usuarios 1-27
2020-02-26 15:33:27,055 INFO o.a.j.t.JMeterThread: Thread is done: Usuarios 1-29
2020-02-26 15:33:27,055 INFO o.a.j.t.JMeterThread: Thread finished: Usuarios 1-29
2020-02-26 15:33:27,104 INFO o.a.j.t.JMeterThread: Thread started: Usuarios 1-36
2020-02-26 15:33:27,304 INFO o.a.j.t.JMeterThread: Thread started: Usuarios 1-37
2020-02-26 15:33:27,393 INFO o.a.j.t.JMeterThread: Thread is done: Usuarios 1-31
2020-02-26 15:33:27,393 INFO o.a.j.t.JMeterThread: Thread finished: Usuarios 1-31
2020-02-26 15:33:27,417 INFO o.a.j.t.JMeterThread: Thread is done: Usuarios 1-34
2020-02-26 15:33:27,417 INFO o.a.j.t.JMeterThread: Thread finished: Usuarios 1-34
2020-02-26 15:33:27,426 INFO o.a.j.t.JMeterThread: Thread is done: Usuarios 1-1
2020-02-26 15:33:27,426 INFO o.a.j.t.JMeterThread: Thread finished: Usuarios 1-1
2020-02-26 15:33:27,503 INFO o.a.j.t.JMeterThread: Thread started: Usuarios 1-38
2020-02-26 15:33:27,703 INFO o.a.j.t.JMeterThread: Thread started: Usuarios 1-39
2020-02-26 15:33:27,903 INFO o.a.j.t.JMeterThread: Thread started: Usuarios 1-40
2020-02-26 15:33:28,079 INFO o.a.j.t.JMeterThread: Thread is done: Usuarios 1-33
2020-02-26 15:33:28,079 INFO o.a.j.t.JMeterThread: Thread finished: Usuarios 1-33
2020-02-26 15:33:28,085 INFO o.a.j.t.JMeterThread: Thread is done: Usuarios 1-6
2020-02-26 15:33:28,085 INFO o.a.j.t.JMeterThread: Thread finished: Usuarios 1-6
2020-02-26 15:33:28,088 INFO o.a.j.t.JMeterThread: Thread is done: Usuarios 1-37
2020-02-26 15:33:28,089 INFO o.a.j.t.JMeterThread: Thread finished: Usuarios 1-37
2020-02-26 15:33:28,104 INFO o.a.j.t.JMeterThread: Thread started: Usuarios 1-41
2020-02-26 15:33:28,305 INFO o.a.j.t.JMeterThread: Thread started: Usuarios 1-42
2020-02-26 15:33:28,504 INFO o.a.j.t.JMeterThread: Thread started: Usuarios 1-43
2020-02-26 15:33:28,704 INFO o.a.j.t.JMeterThread: Thread started: Usuarios 1-44
2020-02-26 15:33:28,903 INFO o.a.j.t.JMeterThread: Thread started: Usuarios 1-45
2020-02-26 15:33:29,042 INFO o.a.j.t.JMeterThread: Thread is done: Usuarios 1-38
2020-02-26 15:33:29,042 INFO o.a.j.t.JMeterThread: Thread finished: Usuarios 1-38
2020-02-26 15:33:29,043 INFO o.a.j.t.JMeterThread: Thread is done: Usuarios 1-36
2020-02-26 15:33:29,043 INFO o.a.j.t.JMeterThread: Thread finished: Usuarios 1-36
2020-02-26 15:33:29,104 INFO o.a.j.t.JMeterThread: Thread started: Usuarios 1-46
2020-02-26 15:33:29,303 INFO o.a.j.t.JMeterThread: Thread started: Usuarios 1-47
2020-02-26 15:33:29,503 INFO o.a.j.t.JMeterThread: Thread started: Usuarios 1-48
2020-02-26 15:33:29,704 INFO o.a.j.t.JMeterThread: Thread started: Usuarios 1-49
2020-02-26 15:33:29,904 INFO o.a.j.t.JMeterThread: Thread started: Usuarios 1-50
2020-02-26 15:33:30,076 INFO o.a.j.t.JMeterThread: Thread is done: Usuarios 1-42
2020-02-26 15:33:30,076 INFO o.a.j.t.JMeterThread: Thread is done: Usuarios 1-7
2020-02-26 15:33:30,077 INFO o.a.j.t.JMeterThread: Thread finished: Usuarios 1-42
2020-02-26 15:33:30,077 INFO o.a.j.t.JMeterThread: Thread finished: Usuarios 1-7
2020-02-26 15:33:30,080 INFO o.a.j.t.JMeterThread: Thread is done: Usuarios 1-41
2020-02-26 15:33:30,080 INFO o.a.j.t.JMeterThread: Thread finished: Usuarios 1-41
2020-02-26 15:33:30,081 INFO o.a.j.t.JMeterThread: Thread is done: Usuarios 1-9
2020-02-26 15:33:30,082 INFO o.a.j.t.JMeterThread: Thread finished: Usuarios 1-9
2020-02-26 15:33:30,133 INFO o.a.j.t.JMeterThread: Thread is done: Usuarios 1-44
2020-02-26 15:33:30,133 INFO o.a.j.t.JMeterThread: Thread finished: Usuarios 1-44
2020-02-26 15:33:30,133 INFO o.a.j.t.JMeterThread: Thread is done: Usuarios 1-43
2020-02-26 15:33:30,133 INFO o.a.j.t.JMeterThread: Thread finished: Usuarios 1-43
2020-02-26 15:33:30,561 INFO o.a.j.t.JMeterThread: Thread is done: Usuarios 1-48
2020-02-26 15:33:30,561 INFO o.a.j.t.JMeterThread: Thread finished: Usuarios 1-48
2020-02-26 15:33:31,047 INFO o.a.j.t.JMeterThread: Thread is done: Usuarios 1-47
2020-02-26 15:33:31,047 INFO o.a.j.t.JMeterThread: Thread finished: Usuarios 1-47
2020-02-26 15:33:31,050 INFO o.a.j.t.JMeterThread: Thread is done: Usuarios 1-49
2020-02-26 15:33:31,050 INFO o.a.j.t.JMeterThread: Thread finished: Usuarios 1-49
2020-02-26 15:33:31,059 INFO o.a.j.t.JMeterThread: Thread is done: Usuarios 1-8
2020-02-26 15:33:31,059 INFO o.a.j.t.JMeterThread: Thread finished: Usuarios 1-8
2020-02-26 15:33:31,099 INFO o.a.j.t.JMeterThread: Thread is done: Usuarios 1-46
2020-02-26 15:33:31,099 INFO o.a.j.t.JMeterThread: Thread finished: Usuarios 1-46
2020-02-26 15:33:32,826 INFO o.a.j.t.JMeterThread: Thread is done: Usuarios 1-14
2020-02-26 15:33:32,826 INFO o.a.j.t.JMeterThread: Thread finished: Usuarios 1-14
2020-02-26 15:33:47,249 INFO o.a.j.g.a.Start: Stopping test
2020-02-26 15:33:47,257 INFO o.a.j.t.JMeterThread: Stopping: Usuarios 1-45
2020-02-26 15:33:47,257 WARN o.a.j.t.JMeterThread: Interrupting: Usuarios 1-45 sampler: Samall
2020-02-26 15:33:47,258 INFO o.a.j.t.JMeterThread: Stopping: Usuarios 1-17
2020-02-26 15:33:47,258 WARN o.a.j.t.JMeterThread: Interrupting: Usuarios 1-17 sampler: HomePage
2020-02-26 15:33:47,259 INFO o.a.j.t.JMeterThread: Stopping: Usuarios 1-5
2020-02-26 15:33:47,259 WARN o.a.j.t.JMeterThread: Interrupting: Usuarios 1-5 sampler: Samall
2020-02-26 15:33:47,259 INFO o.a.j.t.JMeterThread: Thread is done: Usuarios 1-45
2020-02-26 15:33:47,259 INFO o.a.j.t.JMeterThread: Thread finished: Usuarios 1-45
2020-02-26 15:33:47,260 INFO o.a.j.t.JMeterThread: Stopping: Usuarios 1-25
2020-02-26 15:33:47,260 INFO o.a.j.t.JMeterThread: Thread finished: Usuarios 1-17
2020-02-26 15:33:47,260 WARN o.a.j.t.JMeterThread: Interrupting: Usuarios 1-25 sampler: HomePage
2020-02-26 15:33:47,260 INFO o.a.j.t.JMeterThread: Thread is done: Usuarios 1-5
2020-02-26 15:33:47,260 INFO o.a.j.t.JMeterThread: Thread finished: Usuarios 1-5
2020-02-26 15:33:47,260 INFO o.a.j.t.JMeterThread: Stopping: Usuarios 1-21
2020-02-26 15:33:47,261 WARN o.a.j.t.JMeterThread: Interrupting: Usuarios 1-21 sampler: HomePage
2020-02-26 15:33:47,261 INFO o.a.j.t.JMeterThread: Stopping: Usuarios 1-39
2020-02-26 15:33:47,261 WARN o.a.j.t.JMeterThread: Interrupting: Usuarios 1-39 sampler: Samall
2020-02-26 15:33:47,262 INFO o.a.j.t.JMeterThread: Thread finished: Usuarios 1-25
2020-02-26 15:33:47,262 INFO o.a.j.t.JMeterThread: Stopping: Usuarios 1-12
2020-02-26 15:33:47,262 INFO o.a.j.t.JMeterThread: Thread finished: Usuarios 1-21
2020-02-26 15:33:47,262 WARN o.a.j.t.JMeterThread: Interrupting: Usuarios 1-12 sampler: Samall
2020-02-26 15:33:47,263 INFO o.a.j.t.JMeterThread: Stopping: Usuarios 1-22
2020-02-26 15:33:47,263 WARN o.a.j.t.JMeterThread: Interrupting: Usuarios 1-22 sampler: HomePage
2020-02-26 15:33:47,264 INFO o.a.j.t.JMeterThread: Thread is done: Usuarios 1-39
2020-02-26 15:33:47,264 INFO o.a.j.t.JMeterThread: Thread finished: Usuarios 1-39
2020-02-26 15:33:47,264 INFO o.a.j.t.JMeterThread: Thread is done: Usuarios 1-12
2020-02-26 15:33:47,264 INFO o.a.j.t.JMeterThread: Stopping: Usuarios 1-20
2020-02-26 15:33:47,264 INFO o.a.j.t.JMeterThread: Thread finished: Usuarios 1-12
2020-02-26 15:33:47,264 WARN o.a.j.t.JMeterThread: Interrupting: Usuarios 1-20 sampler: HomePage
2020-02-26 15:33:47,265 INFO o.a.j.t.JMeterThread: Stopping: Usuarios 1-3
2020-02-26 15:33:47,265 WARN o.a.j.t.JMeterThread: Interrupting: Usuarios 1-3 sampler: Samall
2020-02-26 15:33:47,265 INFO o.a.j.t.JMeterThread: Thread finished: Usuarios 1-22
2020-02-26 15:33:47,266 INFO o.a.j.t.JMeterThread: Stopping: Usuarios 1-15
2020-02-26 15:33:47,266 INFO o.a.j.t.JMeterThread: Thread finished: Usuarios 1-20
2020-02-26 15:33:47,266 WARN o.a.j.t.JMeterThread: Interrupting: Usuarios 1-15 sampler: HomePage
2020-02-26 15:33:47,267 INFO o.a.j.t.JMeterThread: Stopping: Usuarios 1-11
2020-02-26 15:33:47,267 WARN o.a.j.t.JMeterThread: Interrupting: Usuarios 1-11 sampler: Samall
2020-02-26 15:33:47,267 INFO o.a.j.t.JMeterThread: Stopping: Usuarios 1-16
2020-02-26 15:33:47,267 WARN o.a.j.t.JMeterThread: Interrupting: Usuarios 1-16 sampler: HomePage
2020-02-26 15:33:47,267 INFO o.a.j.t.JMeterThread: Thread is done: Usuarios 1-3
2020-02-26 15:33:47,267 INFO o.a.j.t.JMeterThread: Thread finished: Usuarios 1-15
2020-02-26 15:33:47,267 INFO o.a.j.t.JMeterThread: Thread finished: Usuarios 1-3
2020-02-26 15:33:47,267 INFO o.a.j.t.JMeterThread: Stopping: Usuarios 1-13
2020-02-26 15:33:47,267 WARN o.a.j.t.JMeterThread: Interrupting: Usuarios 1-13 sampler: Samall
2020-02-26 15:33:47,267 INFO o.a.j.t.JMeterThread: Thread is done: Usuarios 1-11
2020-02-26 15:33:47,267 INFO o.a.j.t.JMeterThread: Thread finished: Usuarios 1-11
2020-02-26 15:33:47,268 INFO o.a.j.t.JMeterThread: Thread finished: Usuarios 1-16
2020-02-26 15:33:47,268 INFO o.a.j.t.JMeterThread: Stopping: Usuarios 1-4
2020-02-26 15:33:47,268 WARN o.a.j.t.JMeterThread: Interrupting: Usuarios 1-4 sampler: Samall
2020-02-26 15:33:47,268 INFO o.a.j.t.JMeterThread: Thread is done: Usuarios 1-13
2020-02-26 15:33:47,268 INFO o.a.j.t.JMeterThread: Stopping: Usuarios 1-10
2020-02-26 15:33:47,268 INFO o.a.j.t.JMeterThread: Thread finished: Usuarios 1-13
2020-02-26 15:33:47,268 WARN o.a.j.t.JMeterThread: Interrupting: Usuarios 1-10 sampler: Samall
2020-02-26 15:33:47,269 INFO o.a.j.t.JMeterThread: Thread is done: Usuarios 1-4
2020-02-26 15:33:47,269 INFO o.a.j.t.JMeterThread: Stopping: Usuarios 1-40
2020-02-26 15:33:47,269 INFO o.a.j.t.JMeterThread: Thread finished: Usuarios 1-4
2020-02-26 15:33:47,269 WARN o.a.j.t.JMeterThread: Interrupting: Usuarios 1-40 sampler: HomePage
2020-02-26 15:33:47,269 INFO o.a.j.t.JMeterThread: Thread is done: Usuarios 1-10
2020-02-26 15:33:47,269 INFO o.a.j.t.JMeterThread: Thread finished: Usuarios 1-10
2020-02-26 15:33:47,269 INFO o.a.j.t.JMeterThread: Stopping: Usuarios 1-2
2020-02-26 15:33:47,269 WARN o.a.j.t.JMeterThread: Interrupting: Usuarios 1-2 sampler: Samall
2020-02-26 15:33:47,270 INFO o.a.j.t.JMeterThread: Thread finished: Usuarios 1-40
2020-02-26 15:33:47,270 INFO o.a.j.t.JMeterThread: Stopping: Usuarios 1-50
2020-02-26 15:33:47,270 WARN o.a.j.t.JMeterThread: Interrupting: Usuarios 1-50 sampler: HomePage
2020-02-26 15:33:47,270 INFO o.a.j.t.JMeterThread: Stopping: Usuarios 1-30
2020-02-26 15:33:47,270 WARN o.a.j.t.JMeterThread: Interrupting: Usuarios 1-30 sampler: HomePage
2020-02-26 15:33:47,270 INFO o.a.j.t.JMeterThread: Stopping: Usuarios 1-23
2020-02-26 15:33:47,270 INFO o.a.j.t.JMeterThread: Thread is done: Usuarios 1-2
2020-02-26 15:33:47,270 WARN o.a.j.t.JMeterThread: Interrupting: Usuarios 1-23 sampler: HomePage
2020-02-26 15:33:47,270 INFO o.a.j.t.JMeterThread: Thread finished: Usuarios 1-2
2020-02-26 15:33:47,271 INFO o.a.j.t.JMeterThread: Stopping: Usuarios 1-19
2020-02-26 15:33:47,271 WARN o.a.j.t.JMeterThread: Interrupting: Usuarios 1-19 sampler: HomePage
2020-02-26 15:33:47,271 INFO o.a.j.t.JMeterThread: Stopping: Usuarios 1-24
2020-02-26 15:33:47,271 WARN o.a.j.t.JMeterThread: Interrupting: Usuarios 1-24 sampler: HomePage
2020-02-26 15:33:47,271 INFO o.a.j.t.JMeterThread: Thread finished: Usuarios 1-30
2020-02-26 15:33:47,271 INFO o.a.j.t.JMeterThread: Thread finished: Usuarios 1-23
2020-02-26 15:33:47,271 INFO o.a.j.t.JMeterThread: Stopping: Usuarios 1-35
2020-02-26 15:33:47,271 WARN o.a.j.t.JMeterThread: Interrupting: Usuarios 1-35 sampler: HomePage
2020-02-26 15:33:47,271 INFO o.a.j.t.JMeterThread: Stopping: Usuarios 1-18
2020-02-26 15:33:47,272 WARN o.a.j.t.JMeterThread: Interrupting: Usuarios 1-18 sampler: Samall
2020-02-26 15:33:47,272 INFO o.a.j.t.JMeterThread: Thread finished: Usuarios 1-50
2020-02-26 15:33:47,272 INFO o.a.j.t.JMeterThread: Thread finished: Usuarios 1-35
2020-02-26 15:33:47,272 INFO o.a.j.t.JMeterThread: Thread finished: Usuarios 1-24
2020-02-26 15:33:47,273 INFO o.a.j.t.JMeterThread: Thread finished: Usuarios 1-19
2020-02-26 15:33:47,273 INFO o.a.j.t.JMeterThread: Thread is done: Usuarios 1-18
2020-02-26 15:33:47,273 INFO o.a.j.t.JMeterThread: Thread finished: Usuarios 1-18
2020-02-26 15:33:47,273 INFO o.a.j.e.StandardJMeterEngine: Notifying test listeners of end of test
2020-02-26 15:33:47,273 INFO o.a.j.g.u.JMeterMenuBar: setRunning(false, *local*)
2020-02-26 15:33:56,753 INFO o.a.j.e.StandardJMeterEngine: Running the test!
2020-02-26 15:33:56,753 INFO o.a.j.s.SampleEvent: List of sample_variables: []
2020-02-26 15:33:56,754 INFO o.a.j.g.u.JMeterMenuBar: setRunning(true, *local*)
2020-02-26 15:33:56,866 INFO o.a.j.e.StandardJMeterEngine: Starting ThreadGroup: 1 : Usuarios
2020-02-26 15:33:56,866 INFO o.a.j.e.StandardJMeterEngine: Starting 5 threads for group Usuarios.
2020-02-26 15:33:56,866 INFO o.a.j.e.StandardJMeterEngine: Thread will continue on error
2020-02-26 15:33:56,866 INFO o.a.j.t.ThreadGroup: Starting thread group... number=1 threads=5 ramp-up=10 delayedStart=false
2020-02-26 15:33:56,867 INFO o.a.j.t.ThreadGroup: Started thread group number 1
2020-02-26 15:33:56,867 INFO o.a.j.t.JMeterThread: Thread started: Usuarios 1-1
2020-02-26 15:33:56,867 INFO o.a.j.e.StandardJMeterEngine: All thread groups have been started
2020-02-26 15:33:58,867 INFO o.a.j.t.JMeterThread: Thread started: Usuarios 1-2
2020-02-26 15:34:00,854 INFO o.a.j.t.JMeterThread: Thread is done: Usuarios 1-1
2020-02-26 15:34:00,855 INFO o.a.j.t.JMeterThread: Thread finished: Usuarios 1-1
2020-02-26 15:34:00,868 INFO o.a.j.t.JMeterThread: Thread started: Usuarios 1-3
2020-02-26 15:34:02,869 INFO o.a.j.t.JMeterThread: Thread started: Usuarios 1-4
2020-02-26 15:34:02,935 INFO o.a.j.t.JMeterThread: Thread is done: Usuarios 1-2
2020-02-26 15:34:02,935 INFO o.a.j.t.JMeterThread: Thread finished: Usuarios 1-2
2020-02-26 15:34:04,825 INFO o.a.j.t.JMeterThread: Thread is done: Usuarios 1-3
2020-02-26 15:34:04,825 INFO o.a.j.t.JMeterThread: Thread finished: Usuarios 1-3
2020-02-26 15:34:04,868 INFO o.a.j.t.JMeterThread: Thread started: Usuarios 1-5
2020-02-26 15:34:06,875 INFO o.a.j.t.JMeterThread: Thread is done: Usuarios 1-4
2020-02-26 15:34:06,875 INFO o.a.j.t.JMeterThread: Thread finished: Usuarios 1-4
2020-02-26 15:34:08,859 INFO o.a.j.t.JMeterThread: Thread is done: Usuarios 1-5
2020-02-26 15:34:08,859 INFO o.a.j.t.JMeterThread: Thread finished: Usuarios 1-5
2020-02-26 15:34:08,859 INFO o.a.j.e.StandardJMeterEngine: Notifying test listeners of end of test
2020-02-26 15:34:08,860 INFO o.a.j.g.u.JMeterMenuBar: setRunning(false, *local*)
2020-02-26 15:35:02,096 INFO o.a.j.e.StandardJMeterEngine: Running the test!
2020-02-26 15:35:02,096 INFO o.a.j.s.SampleEvent: List of sample_variables: []
2020-02-26 15:35:02,096 INFO o.a.j.g.u.JMeterMenuBar: setRunning(true, *local*)
2020-02-26 15:35:02,164 INFO o.a.j.e.StandardJMeterEngine: Starting ThreadGroup: 1 : Usuarios
2020-02-26 15:35:02,164 INFO o.a.j.e.StandardJMeterEngine: Starting 5 threads for group Usuarios.
2020-02-26 15:35:02,164 INFO o.a.j.e.StandardJMeterEngine: Thread will continue on error
2020-02-26 15:35:02,164 INFO o.a.j.t.ThreadGroup: Starting thread group... number=1 threads=5 ramp-up=10 delayedStart=false
2020-02-26 15:35:02,164 INFO o.a.j.t.JMeterThread: Thread started: Usuarios 1-1
2020-02-26 15:35:02,165 INFO o.a.j.t.ThreadGroup: Started thread group number 1
2020-02-26 15:35:02,165 INFO o.a.j.e.StandardJMeterEngine: All thread groups have been started
2020-02-26 15:35:04,164 INFO o.a.j.t.JMeterThread: Thread started: Usuarios 1-2
2020-02-26 15:35:06,165 INFO o.a.j.t.JMeterThread: Thread started: Usuarios 1-3
2020-02-26 15:35:08,164 INFO o.a.j.t.JMeterThread: Thread is done: Usuarios 1-2
2020-02-26 15:35:08,164 INFO o.a.j.t.JMeterThread: Thread finished: Usuarios 1-2
2020-02-26 15:35:08,166 INFO o.a.j.t.JMeterThread: Thread started: Usuarios 1-4
2020-02-26 15:35:08,533 INFO o.a.j.t.JMeterThread: Thread is done: Usuarios 1-1
2020-02-26 15:35:08,533 INFO o.a.j.t.JMeterThread: Thread finished: Usuarios 1-1
2020-02-26 15:35:10,037 INFO o.a.j.t.JMeterThread: Thread is done: Usuarios 1-3
2020-02-26 15:35:10,037 INFO o.a.j.t.JMeterThread: Thread finished: Usuarios 1-3
2020-02-26 15:35:10,165 INFO o.a.j.t.JMeterThread: Thread started: Usuarios 1-5
2020-02-26 15:35:11,906 INFO o.a.j.t.JMeterThread: Thread is done: Usuarios 1-4
2020-02-26 15:35:11,906 INFO o.a.j.t.JMeterThread: Thread finished: Usuarios 1-4
2020-02-26 15:35:14,116 INFO o.a.j.t.JMeterThread: Thread is done: Usuarios 1-5
2020-02-26 15:35:14,116 INFO o.a.j.t.JMeterThread: Thread finished: Usuarios 1-5
2020-02-26 15:35:14,116 INFO o.a.j.e.StandardJMeterEngine: Notifying test listeners of end of test
2020-02-26 15:35:14,116 INFO o.a.j.g.u.JMeterMenuBar: setRunning(false, *local*)
2020-02-26 15:35:45,974 INFO o.a.j.e.StandardJMeterEngine: Running the test!
2020-02-26 15:35:45,974 INFO o.a.j.s.SampleEvent: List of sample_variables: []
2020-02-26 15:35:45,974 INFO o.a.j.g.u.JMeterMenuBar: setRunning(true, *local*)
2020-02-26 15:35:46,133 INFO o.a.j.e.StandardJMeterEngine: Starting ThreadGroup: 1 : Usuarios
2020-02-26 15:35:46,133 INFO o.a.j.e.StandardJMeterEngine: Starting 5 threads for group Usuarios.
2020-02-26 15:35:46,133 INFO o.a.j.e.StandardJMeterEngine: Thread will continue on error
2020-02-26 15:35:46,133 INFO o.a.j.t.ThreadGroup: Starting thread group... number=1 threads=5 ramp-up=1 delayedStart=false
2020-02-26 15:35:46,133 INFO o.a.j.t.JMeterThread: Thread started: Usuarios 1-1
2020-02-26 15:35:46,134 INFO o.a.j.t.ThreadGroup: Started thread group number 1
2020-02-26 15:35:46,134 INFO o.a.j.e.StandardJMeterEngine: All thread groups have been started
2020-02-26 15:35:46,333 INFO o.a.j.t.JMeterThread: Thread started: Usuarios 1-2
2020-02-26 15:35:46,534 INFO o.a.j.t.JMeterThread: Thread started: Usuarios 1-3
2020-02-26 15:35:46,735 INFO o.a.j.t.JMeterThread: Thread started: Usuarios 1-4
2020-02-26 15:35:46,933 INFO o.a.j.t.JMeterThread: Thread started: Usuarios 1-5
2020-02-26 15:35:51,497 INFO o.a.j.t.JMeterThread: Thread is done: Usuarios 1-1
2020-02-26 15:35:51,497 INFO o.a.j.t.JMeterThread: Thread finished: Usuarios 1-1
2020-02-26 15:35:52,538 INFO o.a.j.t.JMeterThread: Thread is done: Usuarios 1-4
2020-02-26 15:35:52,538 INFO o.a.j.t.JMeterThread: Thread finished: Usuarios 1-4
2020-02-26 15:35:52,587 INFO o.a.j.t.JMeterThread: Thread is done: Usuarios 1-2
2020-02-26 15:35:52,587 INFO o.a.j.t.JMeterThread: Thread finished: Usuarios 1-2
2020-02-26 15:35:52,614 INFO o.a.j.t.JMeterThread: Thread is done: Usuarios 1-3
2020-02-26 15:35:52,614 INFO o.a.j.t.JMeterThread: Thread finished: Usuarios 1-3
2020-02-26 15:35:52,845 INFO o.a.j.t.JMeterThread: Thread is done: Usuarios 1-5
2020-02-26 15:35:52,846 INFO o.a.j.t.JMeterThread: Thread finished: Usuarios 1-5
2020-02-26 15:35:52,846 INFO o.a.j.e.StandardJMeterEngine: Notifying test listeners of end of test
2020-02-26 15:35:52,846 INFO o.a.j.g.u.JMeterMenuBar: setRunning(false, *local*)
2020-02-26 15:50:33,411 INFO o.a.j.s.FileServer: Set new base='C:\JMETER\Software\apache-jmeter-5.2.1\bin\pruebas'
2020-02-26 15:53:10,557 INFO o.a.j.e.StandardJMeterEngine: Running the test!
2020-02-26 15:53:10,558 INFO o.a.j.s.SampleEvent: List of sample_variables: []
2020-02-26 15:53:10,558 INFO o.a.j.g.u.JMeterMenuBar: setRunning(true, *local*)
2020-02-26 15:53:10,733 INFO o.a.j.e.StandardJMeterEngine: Starting ThreadGroup: 1 : Usuarios
2020-02-26 15:53:10,733 INFO o.a.j.e.StandardJMeterEngine: Starting 10 threads for group Usuarios.
2020-02-26 15:53:10,733 INFO o.a.j.e.StandardJMeterEngine: Thread will continue on error
2020-02-26 15:53:10,733 INFO o.a.j.t.ThreadGroup: Starting thread group... number=1 threads=10 ramp-up=1 delayedStart=false
2020-02-26 15:53:10,734 INFO o.a.j.t.JMeterThread: Thread started: Usuarios 1-1
2020-02-26 15:53:10,735 INFO o.a.j.t.ThreadGroup: Started thread group number 1
2020-02-26 15:53:10,735 INFO o.a.j.e.StandardJMeterEngine: All thread groups have been started
2020-02-26 15:53:10,835 INFO o.a.j.t.JMeterThread: Thread started: Usuarios 1-2
2020-02-26 15:53:10,934 INFO o.a.j.t.JMeterThread: Thread started: Usuarios 1-3
2020-02-26 15:53:11,034 INFO o.a.j.t.JMeterThread: Thread started: Usuarios 1-4
2020-02-26 15:53:11,134 INFO o.a.j.t.JMeterThread: Thread started: Usuarios 1-5
2020-02-26 15:53:11,235 INFO o.a.j.t.JMeterThread: Thread started: Usuarios 1-6
2020-02-26 15:53:11,335 INFO o.a.j.t.JMeterThread: Thread started: Usuarios 1-7
2020-02-26 15:53:11,435 INFO o.a.j.t.JMeterThread: Thread started: Usuarios 1-8
2020-02-26 15:53:11,535 INFO o.a.j.t.JMeterThread: Thread started: Usuarios 1-9
2020-02-26 15:53:11,633 INFO o.a.j.t.JMeterThread: Thread started: Usuarios 1-10
2020-02-26 15:53:22,270 INFO o.a.j.t.JMeterThread: Thread is done: Usuarios 1-3
2020-02-26 15:53:22,270 INFO o.a.j.t.JMeterThread: Thread finished: Usuarios 1-3
2020-02-26 15:53:23,138 INFO o.a.j.t.JMeterThread: Thread is done: Usuarios 1-2
2020-02-26 15:53:23,138 INFO o.a.j.t.JMeterThread: Thread finished: Usuarios 1-2
2020-02-26 15:53:23,141 INFO o.a.j.t.JMeterThread: Thread is done: Usuarios 1-1
2020-02-26 15:53:23,141 INFO o.a.j.t.JMeterThread: Thread finished: Usuarios 1-1
2020-02-26 15:53:23,299 INFO o.a.j.t.JMeterThread: Thread is done: Usuarios 1-4
2020-02-26 15:53:23,299 INFO o.a.j.t.JMeterThread: Thread finished: Usuarios 1-4
2020-02-26 15:53:24,196 INFO o.a.j.t.JMeterThread: Thread is done: Usuarios 1-7
2020-02-26 15:53:24,196 INFO o.a.j.t.JMeterThread: Thread finished: Usuarios 1-7
2020-02-26 15:53:24,243 INFO o.a.j.t.JMeterThread: Thread is done: Usuarios 1-5
2020-02-26 15:53:24,243 INFO o.a.j.t.JMeterThread: Thread finished: Usuarios 1-5
2020-02-26 15:53:24,393 INFO o.a.j.t.JMeterThread: Thread is done: Usuarios 1-6
2020-02-26 15:53:24,393 INFO o.a.j.t.JMeterThread: Thread finished: Usuarios 1-6
2020-02-26 15:53:24,393 INFO o.a.j.t.JMeterThread: Thread is done: Usuarios 1-8
2020-02-26 15:53:24,393 INFO o.a.j.t.JMeterThread: Thread finished: Usuarios 1-8
2020-02-26 15:53:24,474 INFO o.a.j.t.JMeterThread: Thread is done: Usuarios 1-9
2020-02-26 15:53:24,474 INFO o.a.j.t.JMeterThread: Thread finished: Usuarios 1-9
2020-02-26 15:53:24,478 INFO o.a.j.t.JMeterThread: Thread is done: Usuarios 1-10
2020-02-26 15:53:24,478 INFO o.a.j.t.JMeterThread: Thread finished: Usuarios 1-10
2020-02-26 15:53:24,478 INFO o.a.j.e.StandardJMeterEngine: Notifying test listeners of end of test
2020-02-26 15:53:24,478 INFO o.a.j.g.u.JMeterMenuBar: setRunning(false, *local*)
2020-02-26 15:53:49,557 INFO o.a.j.e.StandardJMeterEngine: Running the test!
2020-02-26 15:53:49,557 INFO o.a.j.s.SampleEvent: List of sample_variables: []
2020-02-26 15:53:49,558 INFO o.a.j.g.u.JMeterMenuBar: setRunning(true, *local*)
2020-02-26 15:53:49,700 INFO o.a.j.e.StandardJMeterEngine: Starting ThreadGroup: 1 : Usuarios
2020-02-26 15:53:49,701 INFO o.a.j.e.StandardJMeterEngine: Starting 10 threads for group Usuarios.
2020-02-26 15:53:49,701 INFO o.a.j.e.StandardJMeterEngine: Thread will continue on error
2020-02-26 15:53:49,701 INFO o.a.j.t.ThreadGroup: Starting thread group... number=1 threads=10 ramp-up=1 delayedStart=false
2020-02-26 15:53:49,701 INFO o.a.j.t.JMeterThread: Thread started: Usuarios 1-1
2020-02-26 15:53:49,703 INFO o.a.j.t.ThreadGroup: Started thread group number 1
2020-02-26 15:53:49,703 INFO o.a.j.e.StandardJMeterEngine: All thread groups have been started
2020-02-26 15:53:49,803 INFO o.a.j.t.JMeterThread: Thread started: Usuarios 1-2
2020-02-26 15:53:49,902 INFO o.a.j.t.JMeterThread: Thread started: Usuarios 1-3
2020-02-26 15:53:50,002 INFO o.a.j.t.JMeterThread: Thread started: Usuarios 1-4
2020-02-26 15:53:50,102 INFO o.a.j.t.JMeterThread: Thread started: Usuarios 1-5
2020-02-26 15:53:50,203 INFO o.a.j.t.JMeterThread: Thread started: Usuarios 1-6
2020-02-26 15:53:50,302 INFO o.a.j.t.JMeterThread: Thread started: Usuarios 1-7
2020-02-26 15:53:50,402 INFO o.a.j.t.JMeterThread: Thread started: Usuarios 1-8
2020-02-26 15:53:50,503 INFO o.a.j.t.JMeterThread: Thread started: Usuarios 1-9
2020-02-26 15:53:50,603 INFO o.a.j.t.JMeterThread: Thread started: Usuarios 1-10
2020-02-26 15:54:02,092 INFO o.a.j.t.JMeterThread: Thread is done: Usuarios 1-1
2020-02-26 15:54:02,092 INFO o.a.j.t.JMeterThread: Thread finished: Usuarios 1-1
2020-02-26 15:54:02,199 INFO o.a.j.t.JMeterThread: Thread is done: Usuarios 1-2
2020-02-26 15:54:02,199 INFO o.a.j.t.JMeterThread: Thread finished: Usuarios 1-2
2020-02-26 15:54:03,084 INFO o.a.j.t.JMeterThread: Thread is done: Usuarios 1-3
2020-02-26 15:54:03,084 INFO o.a.j.t.JMeterThread: Thread is done: Usuarios 1-4
2020-02-26 15:54:03,084 INFO o.a.j.t.JMeterThread: Thread finished: Usuarios 1-3
2020-02-26 15:54:03,084 INFO o.a.j.t.JMeterThread: Thread finished: Usuarios 1-4
2020-02-26 15:54:03,397 INFO o.a.j.t.JMeterThread: Thread is done: Usuarios 1-5
2020-02-26 15:54:03,397 INFO o.a.j.t.JMeterThread: Thread finished: Usuarios 1-5
2020-02-26 15:54:03,473 INFO o.a.j.t.JMeterThread: Thread is done: Usuarios 1-6
2020-02-26 15:54:03,473 INFO o.a.j.t.JMeterThread: Thread finished: Usuarios 1-6
2020-02-26 15:54:04,072 INFO o.a.j.t.JMeterThread: Thread is done: Usuarios 1-8
2020-02-26 15:54:04,072 INFO o.a.j.t.JMeterThread: Thread finished: Usuarios 1-8
2020-02-26 15:54:04,135 INFO o.a.j.t.JMeterThread: Thread is done: Usuarios 1-9
2020-02-26 15:54:04,135 INFO o.a.j.t.JMeterThread: Thread finished: Usuarios 1-9
2020-02-26 15:54:04,155 INFO o.a.j.t.JMeterThread: Thread is done: Usuarios 1-7
2020-02-26 15:54:04,155 INFO o.a.j.t.JMeterThread: Thread finished: Usuarios 1-7
2020-02-26 15:54:04,310 INFO o.a.j.t.JMeterThread: Thread is done: Usuarios 1-10
2020-02-26 15:54:04,310 INFO o.a.j.t.JMeterThread: Thread finished: Usuarios 1-10
2020-02-26 15:54:04,311 INFO o.a.j.e.StandardJMeterEngine: Notifying test listeners of end of test
2020-02-26 15:54:04,311 INFO o.a.j.g.u.JMeterMenuBar: setRunning(false, *local*)
2020-02-26 15:54:30,445 INFO o.a.j.e.StandardJMeterEngine: Running the test!
2020-02-26 15:54:30,445 INFO o.a.j.s.SampleEvent: List of sample_variables: []
2020-02-26 15:54:30,445 INFO o.a.j.g.u.JMeterMenuBar: setRunning(true, *local*)
2020-02-26 15:54:30,514 INFO o.a.j.e.StandardJMeterEngine: Starting ThreadGroup: 1 : Usuarios
2020-02-26 15:54:30,514 INFO o.a.j.e.StandardJMeterEngine: Starting 20 threads for group Usuarios.
2020-02-26 15:54:30,514 INFO o.a.j.e.StandardJMeterEngine: Thread will continue on error
2020-02-26 15:54:30,514 INFO o.a.j.t.ThreadGroup: Starting thread group... number=1 threads=20 ramp-up=1 delayedStart=false
2020-02-26 15:54:30,514 INFO o.a.j.t.JMeterThread: Thread started: Usuarios 1-1
2020-02-26 15:54:30,516 INFO o.a.j.t.ThreadGroup: Started thread group number 1
2020-02-26 15:54:30,516 INFO o.a.j.e.StandardJMeterEngine: All thread groups have been started
2020-02-26 15:54:30,565 INFO o.a.j.t.JMeterThread: Thread started: Usuarios 1-2
2020-02-26 15:54:30,616 INFO o.a.j.t.JMeterThread: Thread started: Usuarios 1-3
2020-02-26 15:54:30,665 INFO o.a.j.t.JMeterThread: Thread started: Usuarios 1-4
2020-02-26 15:54:30,714 INFO o.a.j.t.JMeterThread: Thread started: Usuarios 1-5
2020-02-26 15:54:30,764 INFO o.a.j.t.JMeterThread: Thread started: Usuarios 1-6
2020-02-26 15:54:30,814 INFO o.a.j.t.JMeterThread: Thread started: Usuarios 1-7
2020-02-26 15:54:30,865 INFO o.a.j.t.JMeterThread: Thread started: Usuarios 1-8
2020-02-26 15:54:30,915 INFO o.a.j.t.JMeterThread: Thread started: Usuarios 1-9
2020-02-26 15:54:30,965 INFO o.a.j.t.JMeterThread: Thread started: Usuarios 1-10
2020-02-26 15:54:31,015 INFO o.a.j.t.JMeterThread: Thread started: Usuarios 1-11
2020-02-26 15:54:31,065 INFO o.a.j.t.JMeterThread: Thread started: Usuarios 1-12
2020-02-26 15:54:31,115 INFO o.a.j.t.JMeterThread: Thread started: Usuarios 1-13
2020-02-26 15:54:31,165 INFO o.a.j.t.JMeterThread: Thread started: Usuarios 1-14
2020-02-26 15:54:31,215 INFO o.a.j.t.JMeterThread: Thread started: Usuarios 1-15
2020-02-26 15:54:31,266 INFO o.a.j.t.JMeterThread: Thread started: Usuarios 1-16
2020-02-26 15:54:31,315 INFO o.a.j.t.JMeterThread: Thread started: Usuarios 1-17
2020-02-26 15:54:31,365 INFO o.a.j.t.JMeterThread: Thread started: Usuarios 1-18
2020-02-26 15:54:31,415 INFO o.a.j.t.JMeterThread: Thread started: Usuarios 1-19
2020-02-26 15:54:31,465 INFO o.a.j.t.JMeterThread: Thread started: Usuarios 1-20
2020-02-26 15:54:56,185 INFO o.a.j.t.JMeterThread: Thread is done: Usuarios 1-1
2020-02-26 15:54:56,185 INFO o.a.j.t.JMeterThread: Thread is done: Usuarios 1-4
2020-02-26 15:54:56,185 INFO o.a.j.t.JMeterThread: Thread finished: Usuarios 1-1
2020-02-26 15:54:56,185 INFO o.a.j.t.JMeterThread: Thread finished: Usuarios 1-4
2020-02-26 15:54:58,138 INFO o.a.j.t.JMeterThread: Thread is done: Usuarios 1-2
2020-02-26 15:54:58,138 INFO o.a.j.t.JMeterThread: Thread finished: Usuarios 1-2
2020-02-26 15:54:59,057 INFO o.a.j.t.JMeterThread: Thread is done: Usuarios 1-7
2020-02-26 15:54:59,057 INFO o.a.j.t.JMeterThread: Thread finished: Usuarios 1-7
2020-02-26 15:54:59,243 INFO o.a.j.t.JMeterThread: Thread is done: Usuarios 1-8
2020-02-26 15:54:59,243 INFO o.a.j.t.JMeterThread: Thread finished: Usuarios 1-8
2020-02-26 15:54:59,243 INFO o.a.j.t.JMeterThread: Thread is done: Usuarios 1-3
2020-02-26 15:54:59,244 INFO o.a.j.t.JMeterThread: Thread finished: Usuarios 1-3
2020-02-26 15:55:00,106 INFO o.a.j.t.JMeterThread: Thread is done: Usuarios 1-5
2020-02-26 15:55:00,106 INFO o.a.j.t.JMeterThread: Thread finished: Usuarios 1-5
2020-02-26 15:55:01,131 INFO o.a.j.t.JMeterThread: Thread is done: Usuarios 1-13
2020-02-26 15:55:01,131 INFO o.a.j.t.JMeterThread: Thread finished: Usuarios 1-13
2020-02-26 15:55:02,116 INFO o.a.j.t.JMeterThread: Thread is done: Usuarios 1-14
2020-02-26 15:55:02,116 INFO o.a.j.t.JMeterThread: Thread finished: Usuarios 1-14
2020-02-26 15:55:02,171 INFO o.a.j.t.JMeterThread: Thread is done: Usuarios 1-10
2020-02-26 15:55:02,171 INFO o.a.j.t.JMeterThread: Thread finished: Usuarios 1-10
2020-02-26 15:55:02,189 INFO o.a.j.t.JMeterThread: Thread is done: Usuarios 1-20
2020-02-26 15:55:02,189 INFO o.a.j.t.JMeterThread: Thread finished: Usuarios 1-20
2020-02-26 15:55:02,215 INFO o.a.j.t.JMeterThread: Thread is done: Usuarios 1-18
2020-02-26 15:55:02,215 INFO o.a.j.t.JMeterThread: Thread finished: Usuarios 1-18
2020-02-26 15:55:03,087 INFO o.a.j.t.JMeterThread: Thread is done: Usuarios 1-9
2020-02-26 15:55:03,087 INFO o.a.j.t.JMeterThread: Thread finished: Usuarios 1-9
2020-02-26 15:55:03,091 INFO o.a.j.t.JMeterThread: Thread is done: Usuarios 1-6
2020-02-26 15:55:03,091 INFO o.a.j.t.JMeterThread: Thread finished: Usuarios 1-6
2020-02-26 15:55:03,108 INFO o.a.j.t.JMeterThread: Thread is done: Usuarios 1-16
2020-02-26 15:55:03,108 INFO o.a.j.t.JMeterThread: Thread finished: Usuarios 1-16
2020-02-26 15:55:03,119 INFO o.a.j.t.JMeterThread: Thread is done: Usuarios 1-19
2020-02-26 15:55:03,119 INFO o.a.j.t.JMeterThread: Thread finished: Usuarios 1-19
2020-02-26 15:55:03,160 INFO o.a.j.t.JMeterThread: Thread is done: Usuarios 1-12
2020-02-26 15:55:03,160 INFO o.a.j.t.JMeterThread: Thread finished: Usuarios 1-12
2020-02-26 15:55:03,201 INFO o.a.j.t.JMeterThread: Thread is done: Usuarios 1-11
2020-02-26 15:55:03,201 INFO o.a.j.t.JMeterThread: Thread finished: Usuarios 1-11
2020-02-26 15:55:03,232 INFO o.a.j.t.JMeterThread: Thread is done: Usuarios 1-17
2020-02-26 15:55:03,232 INFO o.a.j.t.JMeterThread: Thread finished: Usuarios 1-17
2020-02-26 15:55:03,247 INFO o.a.j.t.JMeterThread: Thread is done: Usuarios 1-15
2020-02-26 15:55:03,247 INFO o.a.j.t.JMeterThread: Thread finished: Usuarios 1-15
2020-02-26 15:55:03,248 INFO o.a.j.e.StandardJMeterEngine: Notifying test listeners of end of test
2020-02-26 15:55:03,248 INFO o.a.j.g.u.JMeterMenuBar: setRunning(false, *local*)
2020-02-26 15:55:47,757 INFO o.a.j.e.StandardJMeterEngine: Running the test!
2020-02-26 15:55:47,758 INFO o.a.j.s.SampleEvent: List of sample_variables: []
2020-02-26 15:55:47,758 INFO o.a.j.g.u.JMeterMenuBar: setRunning(true, *local*)
2020-02-26 15:55:47,857 INFO o.a.j.e.StandardJMeterEngine: Starting ThreadGroup: 1 : Usuarios
2020-02-26 15:55:47,857 INFO o.a.j.e.StandardJMeterEngine: Starting 20 threads for group Usuarios.
2020-02-26 15:55:47,857 INFO o.a.j.e.StandardJMeterEngine: Thread will continue on error
2020-02-26 15:55:47,857 INFO o.a.j.t.ThreadGroup: Starting thread group... number=1 threads=20 ramp-up=1 delayedStart=false
2020-02-26 15:55:47,858 INFO o.a.j.t.JMeterThread: Thread started: Usuarios 1-1
2020-02-26 15:55:47,860 INFO o.a.j.t.ThreadGroup: Started thread group number 1
2020-02-26 15:55:47,860 INFO o.a.j.e.StandardJMeterEngine: All thread groups have been started
2020-02-26 15:55:47,908 INFO o.a.j.t.JMeterThread: Thread started: Usuarios 1-2
2020-02-26 15:55:47,958 INFO o.a.j.t.JMeterThread: Thread started: Usuarios 1-3
2020-02-26 15:55:48,008 INFO o.a.j.t.JMeterThread: Thread started: Usuarios 1-4
2020-02-26 15:55:48,058 INFO o.a.j.t.JMeterThread: Thread started: Usuarios 1-5
2020-02-26 15:55:48,109 INFO o.a.j.t.JMeterThread: Thread started: Usuarios 1-6
2020-02-26 15:55:48,158 INFO o.a.j.t.JMeterThread: Thread started: Usuarios 1-7
2020-02-26 15:55:48,210 INFO o.a.j.t.JMeterThread: Thread started: Usuarios 1-8
2020-02-26 15:55:48,260 INFO o.a.j.t.JMeterThread: Thread started: Usuarios 1-9
2020-02-26 15:55:48,307 INFO o.a.j.t.JMeterThread: Thread started: Usuarios 1-10
2020-02-26 15:55:48,358 INFO o.a.j.t.JMeterThread: Thread started: Usuarios 1-11
2020-02-26 15:55:48,409 INFO o.a.j.t.JMeterThread: Thread started: Usuarios 1-12
2020-02-26 15:55:48,459 INFO o.a.j.t.JMeterThread: Thread started: Usuarios 1-13
2020-02-26 15:55:48,508 INFO o.a.j.t.JMeterThread: Thread started: Usuarios 1-14
2020-02-26 15:55:48,558 INFO o.a.j.t.JMeterThread: Thread started: Usuarios 1-15
2020-02-26 15:55:48,610 INFO o.a.j.t.JMeterThread: Thread started: Usuarios 1-16
2020-02-26 15:55:48,660 INFO o.a.j.t.JMeterThread: Thread started: Usuarios 1-17
2020-02-26 15:55:48,709 INFO o.a.j.t.JMeterThread: Thread started: Usuarios 1-18
2020-02-26 15:55:48,757 INFO o.a.j.t.JMeterThread: Thread started: Usuarios 1-19
2020-02-26 15:55:48,808 INFO o.a.j.t.JMeterThread: Thread started: Usuarios 1-20
2020-02-26 15:56:07,052 INFO o.a.j.t.JMeterThread: Thread is done: Usuarios 1-2
2020-02-26 15:56:07,053 INFO o.a.j.t.JMeterThread: Thread finished: Usuarios 1-2
2020-02-26 15:56:08,031 INFO o.a.j.t.JMeterThread: Thread is done: Usuarios 1-4
2020-02-26 15:56:08,031 INFO o.a.j.t.JMeterThread: Thread finished: Usuarios 1-4
2020-02-26 15:56:12,060 INFO o.a.j.t.JMeterThread: Thread is done: Usuarios 1-19
2020-02-26 15:56:12,060 INFO o.a.j.t.JMeterThread: Thread finished: Usuarios 1-19
2020-02-26 15:56:13,050 INFO o.a.j.t.JMeterThread: Thread is done: Usuarios 1-5
2020-02-26 15:56:13,050 INFO o.a.j.t.JMeterThread: Thread finished: Usuarios 1-5
2020-02-26 15:56:17,058 INFO o.a.j.t.JMeterThread: Thread is done: Usuarios 1-1
2020-02-26 15:56:17,058 INFO o.a.j.t.JMeterThread: Thread finished: Usuarios 1-1
2020-02-26 15:56:18,094 INFO o.a.j.t.JMeterThread: Thread is done: Usuarios 1-7
2020-02-26 15:56:18,094 INFO o.a.j.t.JMeterThread: Thread finished: Usuarios 1-7
2020-02-26 15:56:19,116 INFO o.a.j.t.JMeterThread: Thread is done: Usuarios 1-3
2020-02-26 15:56:19,116 INFO o.a.j.t.JMeterThread: Thread finished: Usuarios 1-3
2020-02-26 15:56:19,126 INFO o.a.j.t.JMeterThread: Thread is done: Usuarios 1-12
2020-02-26 15:56:19,126 INFO o.a.j.t.JMeterThread: Thread finished: Usuarios 1-12
2020-02-26 15:56:20,104 INFO o.a.j.t.JMeterThread: Thread is done: Usuarios 1-11
2020-02-26 15:56:20,104 INFO o.a.j.t.JMeterThread: Thread is done: Usuarios 1-20
2020-02-26 15:56:20,104 INFO o.a.j.t.JMeterThread: Thread finished: Usuarios 1-11
2020-02-26 15:56:20,105 INFO o.a.j.t.JMeterThread: Thread finished: Usuarios 1-20
2020-02-26 15:56:20,122 INFO o.a.j.t.JMeterThread: Thread is done: Usuarios 1-6
2020-02-26 15:56:20,122 INFO o.a.j.t.JMeterThread: Thread finished: Usuarios 1-6
2020-02-26 15:56:20,223 INFO o.a.j.t.JMeterThread: Thread is done: Usuarios 1-18
2020-02-26 15:56:20,223 INFO o.a.j.t.JMeterThread: Thread finished: Usuarios 1-18
2020-02-26 15:56:20,224 INFO o.a.j.t.JMeterThread: Thread is done: Usuarios 1-15
2020-02-26 15:56:20,224 INFO o.a.j.t.JMeterThread: Thread finished: Usuarios 1-15
2020-02-26 15:56:21,102 INFO o.a.j.t.JMeterThread: Thread is done: Usuarios 1-16
2020-02-26 15:56:21,102 INFO o.a.j.t.JMeterThread: Thread finished: Usuarios 1-16
2020-02-26 15:56:21,130 INFO o.a.j.t.JMeterThread: Thread is done: Usuarios 1-17
2020-02-26 15:56:21,130 INFO o.a.j.t.JMeterThread: Thread finished: Usuarios 1-17
2020-02-26 15:56:21,237 INFO o.a.j.t.JMeterThread: Thread is done: Usuarios 1-10
2020-02-26 15:56:21,237 INFO o.a.j.t.JMeterThread: Thread finished: Usuarios 1-10
2020-02-26 15:56:21,246 INFO o.a.j.t.JMeterThread: Thread is done: Usuarios 1-13
2020-02-26 15:56:21,246 INFO o.a.j.t.JMeterThread: Thread finished: Usuarios 1-13
2020-02-26 15:56:21,312 INFO o.a.j.t.JMeterThread: Thread is done: Usuarios 1-8
2020-02-26 15:56:21,312 INFO o.a.j.t.JMeterThread: Thread finished: Usuarios 1-8
2020-02-26 15:56:21,338 INFO o.a.j.t.JMeterThread: Thread is done: Usuarios 1-9
2020-02-26 15:56:21,338 INFO o.a.j.t.JMeterThread: Thread finished: Usuarios 1-9
2020-02-26 15:56:21,359 INFO o.a.j.t.JMeterThread: Thread is done: Usuarios 1-14
2020-02-26 15:56:21,359 INFO o.a.j.t.JMeterThread: Thread finished: Usuarios 1-14
2020-02-26 15:56:21,359 INFO o.a.j.e.StandardJMeterEngine: Notifying test listeners of end of test
2020-02-26 15:56:21,359 INFO o.a.j.g.u.JMeterMenuBar: setRunning(false, *local*)
2020-02-26 15:56:29,508 INFO o.a.j.e.StandardJMeterEngine: Running the test!
2020-02-26 15:56:29,509 INFO o.a.j.s.SampleEvent: List of sample_variables: []
2020-02-26 15:56:29,509 INFO o.a.j.g.u.JMeterMenuBar: setRunning(true, *local*)
2020-02-26 15:56:29,574 INFO o.a.j.e.StandardJMeterEngine: Starting ThreadGroup: 1 : Usuarios
2020-02-26 15:56:29,574 INFO o.a.j.e.StandardJMeterEngine: Starting 20 threads for group Usuarios.
2020-02-26 15:56:29,574 INFO o.a.j.e.StandardJMeterEngine: Thread will continue on error
2020-02-26 15:56:29,574 INFO o.a.j.t.ThreadGroup: Starting thread group... number=1 threads=20 ramp-up=1 delayedStart=false
2020-02-26 15:56:29,575 INFO o.a.j.t.JMeterThread: Thread started: Usuarios 1-1
2020-02-26 15:56:29,576 INFO o.a.j.t.ThreadGroup: Started thread group number 1
2020-02-26 15:56:29,577 INFO o.a.j.e.StandardJMeterEngine: All thread groups have been started
2020-02-26 15:56:29,625 INFO o.a.j.t.JMeterThread: Thread started: Usuarios 1-2
2020-02-26 15:56:29,675 INFO o.a.j.t.JMeterThread: Thread started: Usuarios 1-3
2020-02-26 15:56:29,725 INFO o.a.j.t.JMeterThread: Thread started: Usuarios 1-4
2020-02-26 15:56:29,774 INFO o.a.j.t.JMeterThread: Thread started: Usuarios 1-5
2020-02-26 15:56:29,824 INFO o.a.j.t.JMeterThread: Thread started: Usuarios 1-6
2020-02-26 15:56:29,874 INFO o.a.j.t.JMeterThread: Thread started: Usuarios 1-7
2020-02-26 15:56:29,924 INFO o.a.j.t.JMeterThread: Thread started: Usuarios 1-8
2020-02-26 15:56:29,974 INFO o.a.j.t.JMeterThread: Thread started: Usuarios 1-9
2020-02-26 15:56:30,024 INFO o.a.j.t.JMeterThread: Thread started: Usuarios 1-10
2020-02-26 15:56:30,074 INFO o.a.j.t.JMeterThread: Thread started: Usuarios 1-11
2020-02-26 15:56:30,125 INFO o.a.j.t.JMeterThread: Thread started: Usuarios 1-12
2020-02-26 15:56:30,175 INFO o.a.j.t.JMeterThread: Thread started: Usuarios 1-13
2020-02-26 15:56:30,224 INFO o.a.j.t.JMeterThread: Thread started: Usuarios 1-14
2020-02-26 15:56:30,274 INFO o.a.j.t.JMeterThread: Thread started: Usuarios 1-15
2020-02-26 15:56:30,325 INFO o.a.j.t.JMeterThread: Thread started: Usuarios 1-16
2020-02-26 15:56:30,375 INFO o.a.j.t.JMeterThread: Thread started: Usuarios 1-17
2020-02-26 15:56:30,424 INFO o.a.j.t.JMeterThread: Thread started: Usuarios 1-18
2020-02-26 15:56:30,475 INFO o.a.j.t.JMeterThread: Thread started: Usuarios 1-19
2020-02-26 15:56:30,525 INFO o.a.j.t.JMeterThread: Thread started: Usuarios 1-20
2020-02-26 15:56:55,092 INFO o.a.j.t.JMeterThread: Thread is done: Usuarios 1-2
2020-02-26 15:56:55,092 INFO o.a.j.t.JMeterThread: Thread is done: Usuarios 1-1
2020-02-26 15:56:55,092 INFO o.a.j.t.JMeterThread: Thread finished: Usuarios 1-2
2020-02-26 15:56:55,092 INFO o.a.j.t.JMeterThread: Thread finished: Usuarios 1-1
2020-02-26 15:56:58,168 INFO o.a.j.t.JMeterThread: Thread is done: Usuarios 1-3
2020-02-26 15:56:58,169 INFO o.a.j.t.JMeterThread: Thread finished: Usuarios 1-3
2020-02-26 15:56:59,163 INFO o.a.j.t.JMeterThread: Thread is done: Usuarios 1-6
2020-02-26 15:56:59,164 INFO o.a.j.t.JMeterThread: Thread finished: Usuarios 1-6
2020-02-26 15:57:00,046 INFO o.a.j.t.JMeterThread: Thread is done: Usuarios 1-5
2020-02-26 15:57:00,046 INFO o.a.j.t.JMeterThread: Thread finished: Usuarios 1-5
2020-02-26 15:57:00,099 INFO o.a.j.t.JMeterThread: Thread is done: Usuarios 1-7
2020-02-26 15:57:00,099 INFO o.a.j.t.JMeterThread: Thread finished: Usuarios 1-7
2020-02-26 15:57:00,122 INFO o.a.j.t.JMeterThread: Thread is done: Usuarios 1-12
2020-02-26 15:57:00,122 INFO o.a.j.t.JMeterThread: Thread finished: Usuarios 1-12
2020-02-26 15:57:00,162 INFO o.a.j.t.JMeterThread: Thread is done: Usuarios 1-17
2020-02-26 15:57:00,162 INFO o.a.j.t.JMeterThread: Thread finished: Usuarios 1-17
2020-02-26 15:57:00,174 INFO o.a.j.t.JMeterThread: Thread is done: Usuarios 1-11
2020-02-26 15:57:00,174 INFO o.a.j.t.JMeterThread: Thread finished: Usuarios 1-11
2020-02-26 15:57:00,195 INFO o.a.j.t.JMeterThread: Thread is done: Usuarios 1-10
2020-02-26 15:57:00,195 INFO o.a.j.t.JMeterThread: Thread finished: Usuarios 1-10
2020-02-26 15:57:00,210 INFO o.a.j.t.JMeterThread: Thread is done: Usuarios 1-4
2020-02-26 15:57:00,210 INFO o.a.j.t.JMeterThread: Thread finished: Usuarios 1-4
2020-02-26 15:57:01,130 INFO o.a.j.t.JMeterThread: Thread is done: Usuarios 1-14
2020-02-26 15:57:01,130 INFO o.a.j.t.JMeterThread: Thread finished: Usuarios 1-14
2020-02-26 15:57:01,205 INFO o.a.j.t.JMeterThread: Thread is done: Usuarios 1-9
2020-02-26 15:57:01,205 INFO o.a.j.t.JMeterThread: Thread finished: Usuarios 1-9
2020-02-26 15:57:01,234 INFO o.a.j.t.JMeterThread: Thread is done: Usuarios 1-8
2020-02-26 15:57:01,234 INFO o.a.j.t.JMeterThread: Thread finished: Usuarios 1-8
2020-02-26 15:57:01,271 INFO o.a.j.t.JMeterThread: Thread is done: Usuarios 1-18
2020-02-26 15:57:01,271 INFO o.a.j.t.JMeterThread: Thread finished: Usuarios 1-18
2020-02-26 15:57:01,281 INFO o.a.j.t.JMeterThread: Thread is done: Usuarios 1-13
2020-02-26 15:57:01,281 INFO o.a.j.t.JMeterThread: Thread finished: Usuarios 1-13
2020-02-26 15:57:01,288 INFO o.a.j.t.JMeterThread: Thread is done: Usuarios 1-20
2020-02-26 15:57:01,288 INFO o.a.j.t.JMeterThread: Thread finished: Usuarios 1-20
2020-02-26 15:57:01,327 INFO o.a.j.t.JMeterThread: Thread is done: Usuarios 1-15
2020-02-26 15:57:01,327 INFO o.a.j.t.JMeterThread: Thread finished: Usuarios 1-15
2020-02-26 15:57:01,394 INFO o.a.j.t.JMeterThread: Thread is done: Usuarios 1-19
2020-02-26 15:57:01,394 INFO o.a.j.t.JMeterThread: Thread finished: Usuarios 1-19
2020-02-26 15:57:01,694 INFO o.a.j.t.JMeterThread: Thread is done: Usuarios 1-16
2020-02-26 15:57:01,694 INFO o.a.j.t.JMeterThread: Thread finished: Usuarios 1-16
2020-02-26 15:57:01,694 INFO o.a.j.e.StandardJMeterEngine: Notifying test listeners of end of test
2020-02-26 15:57:01,695 INFO o.a.j.g.u.JMeterMenuBar: setRunning(false, *local*)
2020-02-26 15:59:05,237 INFO o.a.j.e.StandardJMeterEngine: Running the test!
2020-02-26 15:59:05,237 INFO o.a.j.s.SampleEvent: List of sample_variables: []
2020-02-26 15:59:05,237 INFO o.a.j.g.u.JMeterMenuBar: setRunning(true, *local*)
2020-02-26 15:59:05,333 INFO o.a.j.e.StandardJMeterEngine: Starting ThreadGroup: 1 : Usuarios
2020-02-26 15:59:05,333 INFO o.a.j.e.StandardJMeterEngine: Starting 20 threads for group Usuarios.
2020-02-26 15:59:05,333 INFO o.a.j.e.StandardJMeterEngine: Thread will continue on error
2020-02-26 15:59:05,333 INFO o.a.j.t.ThreadGroup: Starting thread group... number=1 threads=20 ramp-up=1 delayedStart=false
2020-02-26 15:59:05,333 INFO o.a.j.t.JMeterThread: Thread started: Usuarios 1-1
2020-02-26 15:59:05,336 INFO o.a.j.t.ThreadGroup: Started thread group number 1
2020-02-26 15:59:05,336 INFO o.a.j.e.StandardJMeterEngine: All thread groups have been started
2020-02-26 15:59:05,384 INFO o.a.j.t.JMeterThread: Thread started: Usuarios 1-2
2020-02-26 15:59:05,434 INFO o.a.j.t.JMeterThread: Thread started: Usuarios 1-3
2020-02-26 15:59:05,484 INFO o.a.j.t.JMeterThread: Thread started: Usuarios 1-4
2020-02-26 15:59:05,535 INFO o.a.j.t.JMeterThread: Thread started: Usuarios 1-5
2020-02-26 15:59:05,583 INFO o.a.j.t.JMeterThread: Thread started: Usuarios 1-6
2020-02-26 15:59:05,633 INFO o.a.j.t.JMeterThread: Thread started: Usuarios 1-7
2020-02-26 15:59:05,683 INFO o.a.j.t.JMeterThread: Thread started: Usuarios 1-8
2020-02-26 15:59:05,734 INFO o.a.j.t.JMeterThread: Thread started: Usuarios 1-9
2020-02-26 15:59:05,784 INFO o.a.j.t.JMeterThread: Thread started: Usuarios 1-10
2020-02-26 15:59:05,834 INFO o.a.j.t.JMeterThread: Thread started: Usuarios 1-11
2020-02-26 15:59:05,884 INFO o.a.j.t.JMeterThread: Thread started: Usuarios 1-12
2020-02-26 15:59:05,934 INFO o.a.j.t.JMeterThread: Thread started: Usuarios 1-13
2020-02-26 15:59:05,983 INFO o.a.j.t.JMeterThread: Thread started: Usuarios 1-14
2020-02-26 15:59:06,033 INFO o.a.j.t.JMeterThread: Thread started: Usuarios 1-15
2020-02-26 15:59:06,083 INFO o.a.j.t.JMeterThread: Thread started: Usuarios 1-16
2020-02-26 15:59:06,134 INFO o.a.j.t.JMeterThread: Thread started: Usuarios 1-17
2020-02-26 15:59:06,184 INFO o.a.j.t.JMeterThread: Thread started: Usuarios 1-18
2020-02-26 15:59:06,234 INFO o.a.j.t.JMeterThread: Thread started: Usuarios 1-19
2020-02-26 15:59:06,284 INFO o.a.j.t.JMeterThread: Thread started: Usuarios 1-20
2020-02-26 15:59:48,049 INFO o.a.j.t.JMeterThread: Thread is done: Usuarios 1-3
2020-02-26 15:59:48,049 INFO o.a.j.t.JMeterThread: Thread finished: Usuarios 1-3
2020-02-26 15:59:51,103 INFO o.a.j.t.JMeterThread: Thread is done: Usuarios 1-2
2020-02-26 15:59:51,103 INFO o.a.j.t.JMeterThread: Thread finished: Usuarios 1-2
2020-02-26 15:59:51,207 INFO o.a.j.t.JMeterThread: Thread is done: Usuarios 1-4
2020-02-26 15:59:51,207 INFO o.a.j.t.JMeterThread: Thread finished: Usuarios 1-4
2020-02-26 15:59:53,122 INFO o.a.j.t.JMeterThread: Thread is done: Usuarios 1-19
2020-02-26 15:59:53,122 INFO o.a.j.t.JMeterThread: Thread finished: Usuarios 1-19
2020-02-26 15:59:53,194 INFO o.a.j.t.JMeterThread: Thread is done: Usuarios 1-6
2020-02-26 15:59:53,194 INFO o.a.j.t.JMeterThread: Thread finished: Usuarios 1-6
2020-02-26 15:59:54,062 INFO o.a.j.t.JMeterThread: Thread is done: Usuarios 1-20
2020-02-26 15:59:54,062 INFO o.a.j.t.JMeterThread: Thread finished: Usuarios 1-20
2020-02-26 15:59:54,125 INFO o.a.j.t.JMeterThread: Thread is done: Usuarios 1-18
2020-02-26 15:59:54,125 INFO o.a.j.t.JMeterThread: Thread finished: Usuarios 1-18
2020-02-26 15:59:54,189 INFO o.a.j.t.JMeterThread: Thread is done: Usuarios 1-9
2020-02-26 15:59:54,189 INFO o.a.j.t.JMeterThread: Thread finished: Usuarios 1-9
2020-02-26 15:59:55,098 INFO o.a.j.t.JMeterThread: Thread is done: Usuarios 1-15
2020-02-26 15:59:55,098 INFO o.a.j.t.JMeterThread: Thread finished: Usuarios 1-15
2020-02-26 15:59:55,099 INFO o.a.j.t.JMeterThread: Thread is done: Usuarios 1-1
2020-02-26 15:59:55,099 INFO o.a.j.t.JMeterThread: Thread finished: Usuarios 1-1
2020-02-26 15:59:55,284 INFO o.a.j.t.JMeterThread: Thread is done: Usuarios 1-7
2020-02-26 15:59:55,284 INFO o.a.j.t.JMeterThread: Thread finished: Usuarios 1-7
2020-02-26 15:59:55,355 INFO o.a.j.t.JMeterThread: Thread is done: Usuarios 1-10
2020-02-26 15:59:55,355 INFO o.a.j.t.JMeterThread: Thread is done: Usuarios 1-16
2020-02-26 15:59:55,355 INFO o.a.j.t.JMeterThread: Thread finished: Usuarios 1-10
2020-02-26 15:59:55,355 INFO o.a.j.t.JMeterThread: Thread finished: Usuarios 1-16
2020-02-26 15:59:56,114 INFO o.a.j.t.JMeterThread: Thread is done: Usuarios 1-17
2020-02-26 15:59:56,114 INFO o.a.j.t.JMeterThread: Thread finished: Usuarios 1-17
2020-02-26 15:59:56,174 INFO o.a.j.t.JMeterThread: Thread is done: Usuarios 1-5
2020-02-26 15:59:56,174 INFO o.a.j.t.JMeterThread: Thread finished: Usuarios 1-5
2020-02-26 15:59:56,176 INFO o.a.j.t.JMeterThread: Thread is done: Usuarios 1-12
2020-02-26 15:59:56,176 INFO o.a.j.t.JMeterThread: Thread finished: Usuarios 1-12
2020-02-26 15:59:56,258 INFO o.a.j.t.JMeterThread: Thread is done: Usuarios 1-8
2020-02-26 15:59:56,258 INFO o.a.j.t.JMeterThread: Thread finished: Usuarios 1-8
2020-02-26 15:59:56,408 INFO o.a.j.t.JMeterThread: Thread is done: Usuarios 1-14
2020-02-26 15:59:56,408 INFO o.a.j.t.JMeterThread: Thread finished: Usuarios 1-14
2020-02-26 15:59:58,192 INFO o.a.j.t.JMeterThread: Thread is done: Usuarios 1-13
2020-02-26 15:59:58,192 INFO o.a.j.t.JMeterThread: Thread finished: Usuarios 1-13
2020-02-26 15:59:58,225 INFO o.a.j.t.JMeterThread: Thread is done: Usuarios 1-11
2020-02-26 15:59:58,225 INFO o.a.j.t.JMeterThread: Thread finished: Usuarios 1-11
2020-02-26 15:59:58,225 INFO o.a.j.e.StandardJMeterEngine: Notifying test listeners of end of test
2020-02-26 15:59:58,225 INFO o.a.j.g.u.JMeterMenuBar: setRunning(false, *local*)
